2022-10-06 09:40:20.264  INFO 1628 --- [main] c.r.r.recipeDemo.RecipeDemoApplication   : Starting RecipeDemoApplication using Java 17.0.4 on PUNITP377691L with PID 1628 (C:\Users\pranali.thorat01\Downloads\recipeDemo\recipeDemo\target\classes started by pranali.thorat01 in C:\Users\pranali.thorat01\Downloads\recipeDemo\recipeDemo)
2022-10-06 09:40:20.310  INFO 1628 --- [main] c.r.r.recipeDemo.RecipeDemoApplication   : No active profile set, falling back to 1 default profile: "default"
2022-10-06 09:40:22.771  INFO 1628 --- [main] .s.d.r.c.RepositoryConfigurationDelegate : Bootstrapping Spring Data JPA repositories in DEFAULT mode.
2022-10-06 09:40:22.966  INFO 1628 --- [main] .s.d.r.c.RepositoryConfigurationDelegate : Finished Spring Data repository scanning in 163 ms. Found 1 JPA repository interfaces.
2022-10-06 09:40:25.119  INFO 1628 --- [main] o.s.b.w.embedded.tomcat.TomcatWebServer  : Tomcat initialized with port(s): 8700 (http)
2022-10-06 09:40:25.155  INFO 1628 --- [main] o.apache.catalina.core.StandardService   : Starting service [Tomcat]
2022-10-06 09:40:25.157  INFO 1628 --- [main] org.apache.catalina.core.StandardEngine  : Starting Servlet engine: [Apache Tomcat/9.0.65]
2022-10-06 09:40:25.600  INFO 1628 --- [main] o.a.c.c.C.[Tomcat].[localhost].[/]       : Initializing Spring embedded WebApplicationContext
2022-10-06 09:40:25.601  INFO 1628 --- [main] w.s.c.ServletWebServerApplicationContext : Root WebApplicationContext: initialization completed in 5112 ms
2022-10-06 09:40:26.124  INFO 1628 --- [main] o.hibernate.jpa.internal.util.LogHelper  : HHH000204: Processing PersistenceUnitInfo [name: default]
2022-10-06 09:40:26.313  INFO 1628 --- [main] org.hibernate.Version                    : HHH000412: Hibernate ORM core version 5.6.10.Final
2022-10-06 09:40:26.911  INFO 1628 --- [main] o.hibernate.annotations.common.Version   : HCANN000001: Hibernate Commons Annotations {5.1.2.Final}
2022-10-06 09:40:27.331  INFO 1628 --- [main] com.zaxxer.hikari.HikariDataSource       : HikariPool-1 - Starting...
2022-10-06 09:40:28.386  INFO 1628 --- [main] com.zaxxer.hikari.HikariDataSource       : HikariPool-1 - Start completed.
2022-10-06 09:40:28.450  INFO 1628 --- [main] org.hibernate.dialect.Dialect            : HHH000400: Using dialect: org.hibernate.dialect.MySQL5Dialect
2022-10-06 09:40:30.486  INFO 1628 --- [main] o.h.e.t.j.p.i.JtaPlatformInitiator       : HHH000490: Using JtaPlatform implementation: [org.hibernate.engine.transaction.jta.platform.internal.NoJtaPlatform]
2022-10-06 09:40:30.509  INFO 1628 --- [main] j.LocalContainerEntityManagerFactoryBean : Initialized JPA EntityManagerFactory for persistence unit 'default'
2022-10-06 09:40:31.966  WARN 1628 --- [main] JpaBaseConfiguration$JpaWebConfiguration : spring.jpa.open-in-view is enabled by default. Therefore, database queries may be performed during view rendering. Explicitly configure spring.jpa.open-in-view to disable this warning
2022-10-06 09:40:34.637  INFO 1628 --- [main] o.s.b.w.embedded.tomcat.TomcatWebServer  : Tomcat started on port(s): 8700 (http) with context path ''
2022-10-06 09:40:34.664  INFO 1628 --- [main] c.r.r.recipeDemo.RecipeDemoApplication   : Started RecipeDemoApplication in 16.033 seconds (JVM running for 17.781)
2022-10-06 09:41:14.686  INFO 1628 --- [http-nio-8700-exec-3] o.a.c.c.C.[Tomcat].[localhost].[/]       : Initializing Spring DispatcherServlet 'dispatcherServlet'
2022-10-06 09:41:14.687  INFO 1628 --- [http-nio-8700-exec-3] o.s.web.servlet.DispatcherServlet        : Initializing Servlet 'dispatcherServlet'
2022-10-06 09:41:14.692  INFO 1628 --- [http-nio-8700-exec-3] o.s.web.servlet.DispatcherServlet        : Completed initialization in 4 ms
2022-10-06 09:41:15.407  INFO 1628 --- [http-nio-8700-exec-3] c.r.r.r.controller.RecipeController      : []
2022-10-06 09:42:27.347  INFO 1628 --- [SpringApplicationShutdownHook] j.LocalContainerEntityManagerFactoryBean : Closing JPA EntityManagerFactory for persistence unit 'default'
2022-10-06 09:42:27.354  INFO 1628 --- [SpringApplicationShutdownHook] com.zaxxer.hikari.HikariDataSource       : HikariPool-1 - Shutdown initiated...
2022-10-06 09:42:27.403  INFO 1628 --- [SpringApplicationShutdownHook] com.zaxxer.hikari.HikariDataSource       : HikariPool-1 - Shutdown completed.
2022-10-06 09:42:42.649  INFO 15740 --- [main] c.r.r.recipeDemo.RecipeDemoApplication   : Starting RecipeDemoApplication using Java 17.0.4 on PUNITP377691L with PID 15740 (C:\Users\pranali.thorat01\Downloads\recipeDemo\recipeDemo\target\classes started by pranali.thorat01 in C:\Users\pranali.thorat01\Downloads\recipeDemo\recipeDemo)
2022-10-06 09:42:42.659  INFO 15740 --- [main] c.r.r.recipeDemo.RecipeDemoApplication   : No active profile set, falling back to 1 default profile: "default"
2022-10-06 09:42:44.911  INFO 15740 --- [main] .s.d.r.c.RepositoryConfigurationDelegate : Bootstrapping Spring Data JPA repositories in DEFAULT mode.
2022-10-06 09:42:45.141  INFO 15740 --- [main] .s.d.r.c.RepositoryConfigurationDelegate : Finished Spring Data repository scanning in 189 ms. Found 1 JPA repository interfaces.
2022-10-06 09:42:47.378  INFO 15740 --- [main] o.s.b.w.embedded.tomcat.TomcatWebServer  : Tomcat initialized with port(s): 8700 (http)
2022-10-06 09:42:47.403  INFO 15740 --- [main] o.apache.catalina.core.StandardService   : Starting service [Tomcat]
2022-10-06 09:42:47.404  INFO 15740 --- [main] org.apache.catalina.core.StandardEngine  : Starting Servlet engine: [Apache Tomcat/9.0.65]
2022-10-06 09:42:47.672  INFO 15740 --- [main] o.a.c.c.C.[Tomcat].[localhost].[/]       : Initializing Spring embedded WebApplicationContext
2022-10-06 09:42:47.673  INFO 15740 --- [main] w.s.c.ServletWebServerApplicationContext : Root WebApplicationContext: initialization completed in 4862 ms
2022-10-06 09:42:48.074  INFO 15740 --- [main] o.hibernate.jpa.internal.util.LogHelper  : HHH000204: Processing PersistenceUnitInfo [name: default]
2022-10-06 09:42:48.266  INFO 15740 --- [main] org.hibernate.Version                    : HHH000412: Hibernate ORM core version 5.6.10.Final
2022-10-06 09:42:48.786  INFO 15740 --- [main] o.hibernate.annotations.common.Version   : HCANN000001: Hibernate Commons Annotations {5.1.2.Final}
2022-10-06 09:42:49.027  INFO 15740 --- [main] com.zaxxer.hikari.HikariDataSource       : HikariPool-1 - Starting...
2022-10-06 09:42:49.835  INFO 15740 --- [main] com.zaxxer.hikari.HikariDataSource       : HikariPool-1 - Start completed.
2022-10-06 09:42:49.877  INFO 15740 --- [main] org.hibernate.dialect.Dialect            : HHH000400: Using dialect: org.hibernate.dialect.MySQL5Dialect
2022-10-06 09:42:51.682  INFO 15740 --- [main] o.h.e.t.j.p.i.JtaPlatformInitiator       : HHH000490: Using JtaPlatform implementation: [org.hibernate.engine.transaction.jta.platform.internal.NoJtaPlatform]
2022-10-06 09:42:51.696  INFO 15740 --- [main] j.LocalContainerEntityManagerFactoryBean : Initialized JPA EntityManagerFactory for persistence unit 'default'
2022-10-06 09:42:52.883  WARN 15740 --- [main] JpaBaseConfiguration$JpaWebConfiguration : spring.jpa.open-in-view is enabled by default. Therefore, database queries may be performed during view rendering. Explicitly configure spring.jpa.open-in-view to disable this warning
2022-10-06 09:42:55.372  INFO 15740 --- [main] o.s.b.w.embedded.tomcat.TomcatWebServer  : Tomcat started on port(s): 8700 (http) with context path ''
2022-10-06 09:42:55.397  INFO 15740 --- [main] c.r.r.recipeDemo.RecipeDemoApplication   : Started RecipeDemoApplication in 14.278 seconds (JVM running for 15.934)
2022-10-06 09:43:12.783  INFO 15740 --- [http-nio-8700-exec-2] o.a.c.c.C.[Tomcat].[localhost].[/]       : Initializing Spring DispatcherServlet 'dispatcherServlet'
2022-10-06 09:43:12.784  INFO 15740 --- [http-nio-8700-exec-2] o.s.web.servlet.DispatcherServlet        : Initializing Servlet 'dispatcherServlet'
2022-10-06 09:43:12.789  INFO 15740 --- [http-nio-8700-exec-2] o.s.web.servlet.DispatcherServlet        : Completed initialization in 4 ms
2022-10-06 09:43:13.314  INFO 15740 --- [http-nio-8700-exec-2] c.r.r.r.controller.RecipeController      : []
2022-10-06 09:49:09.531  INFO 15740 --- [SpringApplicationShutdownHook] j.LocalContainerEntityManagerFactoryBean : Closing JPA EntityManagerFactory for persistence unit 'default'
2022-10-06 09:49:09.538  INFO 15740 --- [SpringApplicationShutdownHook] com.zaxxer.hikari.HikariDataSource       : HikariPool-1 - Shutdown initiated...
2022-10-06 09:49:09.583  INFO 15740 --- [SpringApplicationShutdownHook] com.zaxxer.hikari.HikariDataSource       : HikariPool-1 - Shutdown completed.
2022-10-06 09:49:25.080  INFO 11788 --- [main] c.r.r.recipeDemo.RecipeDemoApplication   : Starting RecipeDemoApplication using Java 17.0.4 on PUNITP377691L with PID 11788 (C:\Users\pranali.thorat01\Downloads\recipeDemo\recipeDemo\target\classes started by pranali.thorat01 in C:\Users\pranali.thorat01\Downloads\recipeDemo\recipeDemo)
2022-10-06 09:49:25.091  INFO 11788 --- [main] c.r.r.recipeDemo.RecipeDemoApplication   : No active profile set, falling back to 1 default profile: "default"
2022-10-06 09:49:27.111  INFO 11788 --- [main] .s.d.r.c.RepositoryConfigurationDelegate : Bootstrapping Spring Data JPA repositories in DEFAULT mode.
2022-10-06 09:49:27.416  INFO 11788 --- [main] .s.d.r.c.RepositoryConfigurationDelegate : Finished Spring Data repository scanning in 265 ms. Found 1 JPA repository interfaces.
2022-10-06 09:49:29.353  INFO 11788 --- [main] o.s.b.w.embedded.tomcat.TomcatWebServer  : Tomcat initialized with port(s): 8700 (http)
2022-10-06 09:49:29.398  INFO 11788 --- [main] o.apache.catalina.core.StandardService   : Starting service [Tomcat]
2022-10-06 09:49:29.401  INFO 11788 --- [main] org.apache.catalina.core.StandardEngine  : Starting Servlet engine: [Apache Tomcat/9.0.65]
2022-10-06 09:49:29.805  INFO 11788 --- [main] o.a.c.c.C.[Tomcat].[localhost].[/]       : Initializing Spring embedded WebApplicationContext
2022-10-06 09:49:29.806  INFO 11788 --- [main] w.s.c.ServletWebServerApplicationContext : Root WebApplicationContext: initialization completed in 4539 ms
2022-10-06 09:49:30.169  INFO 11788 --- [main] o.hibernate.jpa.internal.util.LogHelper  : HHH000204: Processing PersistenceUnitInfo [name: default]
2022-10-06 09:49:30.320  INFO 11788 --- [main] org.hibernate.Version                    : HHH000412: Hibernate ORM core version 5.6.10.Final
2022-10-06 09:49:30.994  INFO 11788 --- [main] o.hibernate.annotations.common.Version   : HCANN000001: Hibernate Commons Annotations {5.1.2.Final}
2022-10-06 09:49:31.336  INFO 11788 --- [main] com.zaxxer.hikari.HikariDataSource       : HikariPool-1 - Starting...
2022-10-06 09:49:32.170  INFO 11788 --- [main] com.zaxxer.hikari.HikariDataSource       : HikariPool-1 - Start completed.
2022-10-06 09:49:32.227  INFO 11788 --- [main] org.hibernate.dialect.Dialect            : HHH000400: Using dialect: org.hibernate.dialect.MySQL5Dialect
2022-10-06 09:49:34.111  INFO 11788 --- [main] o.h.e.t.j.p.i.JtaPlatformInitiator       : HHH000490: Using JtaPlatform implementation: [org.hibernate.engine.transaction.jta.platform.internal.NoJtaPlatform]
2022-10-06 09:49:34.133  INFO 11788 --- [main] j.LocalContainerEntityManagerFactoryBean : Initialized JPA EntityManagerFactory for persistence unit 'default'
2022-10-06 09:49:35.854  WARN 11788 --- [main] JpaBaseConfiguration$JpaWebConfiguration : spring.jpa.open-in-view is enabled by default. Therefore, database queries may be performed during view rendering. Explicitly configure spring.jpa.open-in-view to disable this warning
2022-10-06 09:49:38.095  INFO 11788 --- [main] o.s.b.w.embedded.tomcat.TomcatWebServer  : Tomcat started on port(s): 8700 (http) with context path ''
2022-10-06 09:49:38.119  INFO 11788 --- [main] c.r.r.recipeDemo.RecipeDemoApplication   : Started RecipeDemoApplication in 14.618 seconds (JVM running for 16.266)
2022-10-06 09:49:42.787  INFO 11788 --- [http-nio-8700-exec-2] o.a.c.c.C.[Tomcat].[localhost].[/]       : Initializing Spring DispatcherServlet 'dispatcherServlet'
2022-10-06 09:49:42.788  INFO 11788 --- [http-nio-8700-exec-2] o.s.web.servlet.DispatcherServlet        : Initializing Servlet 'dispatcherServlet'
2022-10-06 09:49:42.791  INFO 11788 --- [http-nio-8700-exec-2] o.s.web.servlet.DispatcherServlet        : Completed initialization in 2 ms
2022-10-06 09:49:43.308 ERROR 11788 --- [http-nio-8700-exec-2] o.a.c.c.C.[.[.[/].[dispatcherServlet]    : Servlet.service() for servlet [dispatcherServlet] in context with path [] threw exception [Request processing failed; nested exception is java.lang.IndexOutOfBoundsException: Index 7 out of bounds for length 7] with root cause

java.lang.IndexOutOfBoundsException: Index 7 out of bounds for length 7
	at java.base/jdk.internal.util.Preconditions.outOfBounds(Preconditions.java:64) ~[na:na]
	at java.base/jdk.internal.util.Preconditions.outOfBoundsCheckIndex(Preconditions.java:70) ~[na:na]
	at java.base/jdk.internal.util.Preconditions.checkIndex(Preconditions.java:266) ~[na:na]
	at java.base/java.util.Objects.checkIndex(Objects.java:359) ~[na:na]
	at java.base/java.util.ArrayList.get(ArrayList.java:427) ~[na:na]
	at com.recipe.recipeAssignment.recipeDemo.service.RecipeServiceImpl.findRecipe(RecipeServiceImpl.java:153) ~[classes/:na]
	at com.recipe.recipeAssignment.recipeDemo.controller.RecipeController.findRecipe(RecipeController.java:189) ~[classes/:na]
	at java.base/jdk.internal.reflect.NativeMethodAccessorImpl.invoke0(Native Method) ~[na:na]
	at java.base/jdk.internal.reflect.NativeMethodAccessorImpl.invoke(NativeMethodAccessorImpl.java:77) ~[na:na]
	at java.base/jdk.internal.reflect.DelegatingMethodAccessorImpl.invoke(DelegatingMethodAccessorImpl.java:43) ~[na:na]
	at java.base/java.lang.reflect.Method.invoke(Method.java:568) ~[na:na]
	at org.springframework.web.method.support.InvocableHandlerMethod.doInvoke(InvocableHandlerMethod.java:205) ~[spring-web-5.3.22.jar:5.3.22]
	at org.springframework.web.method.support.InvocableHandlerMethod.invokeForRequest(InvocableHandlerMethod.java:150) ~[spring-web-5.3.22.jar:5.3.22]
	at org.springframework.web.servlet.mvc.method.annotation.ServletInvocableHandlerMethod.invokeAndHandle(ServletInvocableHandlerMethod.java:117) ~[spring-webmvc-5.3.22.jar:5.3.22]
	at org.springframework.web.servlet.mvc.method.annotation.RequestMappingHandlerAdapter.invokeHandlerMethod(RequestMappingHandlerAdapter.java:895) ~[spring-webmvc-5.3.22.jar:5.3.22]
	at org.springframework.web.servlet.mvc.method.annotation.RequestMappingHandlerAdapter.handleInternal(RequestMappingHandlerAdapter.java:808) ~[spring-webmvc-5.3.22.jar:5.3.22]
	at org.springframework.web.servlet.mvc.method.AbstractHandlerMethodAdapter.handle(AbstractHandlerMethodAdapter.java:87) ~[spring-webmvc-5.3.22.jar:5.3.22]
	at org.springframework.web.servlet.DispatcherServlet.doDispatch(DispatcherServlet.java:1070) ~[spring-webmvc-5.3.22.jar:5.3.22]
	at org.springframework.web.servlet.DispatcherServlet.doService(DispatcherServlet.java:963) ~[spring-webmvc-5.3.22.jar:5.3.22]
	at org.springframework.web.servlet.FrameworkServlet.processRequest(FrameworkServlet.java:1006) ~[spring-webmvc-5.3.22.jar:5.3.22]
	at org.springframework.web.servlet.FrameworkServlet.doGet(FrameworkServlet.java:898) ~[spring-webmvc-5.3.22.jar:5.3.22]
	at javax.servlet.http.HttpServlet.service(HttpServlet.java:655) ~[tomcat-embed-core-9.0.65.jar:4.0.FR]
	at org.springframework.web.servlet.FrameworkServlet.service(FrameworkServlet.java:883) ~[spring-webmvc-5.3.22.jar:5.3.22]
	at javax.servlet.http.HttpServlet.service(HttpServlet.java:764) ~[tomcat-embed-core-9.0.65.jar:4.0.FR]
	at org.apache.catalina.core.ApplicationFilterChain.internalDoFilter(ApplicationFilterChain.java:227) ~[tomcat-embed-core-9.0.65.jar:9.0.65]
	at org.apache.catalina.core.ApplicationFilterChain.doFilter(ApplicationFilterChain.java:162) ~[tomcat-embed-core-9.0.65.jar:9.0.65]
	at org.apache.tomcat.websocket.server.WsFilter.doFilter(WsFilter.java:53) ~[tomcat-embed-websocket-9.0.65.jar:9.0.65]
	at org.apache.catalina.core.ApplicationFilterChain.internalDoFilter(ApplicationFilterChain.java:189) ~[tomcat-embed-core-9.0.65.jar:9.0.65]
	at org.apache.catalina.core.ApplicationFilterChain.doFilter(ApplicationFilterChain.java:162) ~[tomcat-embed-core-9.0.65.jar:9.0.65]
	at org.springframework.web.filter.RequestContextFilter.doFilterInternal(RequestContextFilter.java:100) ~[spring-web-5.3.22.jar:5.3.22]
	at org.springframework.web.filter.OncePerRequestFilter.doFilter(OncePerRequestFilter.java:117) ~[spring-web-5.3.22.jar:5.3.22]
	at org.apache.catalina.core.ApplicationFilterChain.internalDoFilter(ApplicationFilterChain.java:189) ~[tomcat-embed-core-9.0.65.jar:9.0.65]
	at org.apache.catalina.core.ApplicationFilterChain.doFilter(ApplicationFilterChain.java:162) ~[tomcat-embed-core-9.0.65.jar:9.0.65]
	at org.springframework.web.filter.FormContentFilter.doFilterInternal(FormContentFilter.java:93) ~[spring-web-5.3.22.jar:5.3.22]
	at org.springframework.web.filter.OncePerRequestFilter.doFilter(OncePerRequestFilter.java:117) ~[spring-web-5.3.22.jar:5.3.22]
	at org.apache.catalina.core.ApplicationFilterChain.internalDoFilter(ApplicationFilterChain.java:189) ~[tomcat-embed-core-9.0.65.jar:9.0.65]
	at org.apache.catalina.core.ApplicationFilterChain.doFilter(ApplicationFilterChain.java:162) ~[tomcat-embed-core-9.0.65.jar:9.0.65]
	at org.springframework.web.filter.CharacterEncodingFilter.doFilterInternal(CharacterEncodingFilter.java:201) ~[spring-web-5.3.22.jar:5.3.22]
	at org.springframework.web.filter.OncePerRequestFilter.doFilter(OncePerRequestFilter.java:117) ~[spring-web-5.3.22.jar:5.3.22]
	at org.apache.catalina.core.ApplicationFilterChain.internalDoFilter(ApplicationFilterChain.java:189) ~[tomcat-embed-core-9.0.65.jar:9.0.65]
	at org.apache.catalina.core.ApplicationFilterChain.doFilter(ApplicationFilterChain.java:162) ~[tomcat-embed-core-9.0.65.jar:9.0.65]
	at org.apache.catalina.core.StandardWrapperValve.invoke(StandardWrapperValve.java:197) ~[tomcat-embed-core-9.0.65.jar:9.0.65]
	at org.apache.catalina.core.StandardContextValve.invoke(StandardContextValve.java:97) ~[tomcat-embed-core-9.0.65.jar:9.0.65]
	at org.apache.catalina.authenticator.AuthenticatorBase.invoke(AuthenticatorBase.java:541) ~[tomcat-embed-core-9.0.65.jar:9.0.65]
	at org.apache.catalina.core.StandardHostValve.invoke(StandardHostValve.java:135) ~[tomcat-embed-core-9.0.65.jar:9.0.65]
	at org.apache.catalina.valves.ErrorReportValve.invoke(ErrorReportValve.java:92) ~[tomcat-embed-core-9.0.65.jar:9.0.65]
	at org.apache.catalina.core.StandardEngineValve.invoke(StandardEngineValve.java:78) ~[tomcat-embed-core-9.0.65.jar:9.0.65]
	at org.apache.catalina.connector.CoyoteAdapter.service(CoyoteAdapter.java:360) ~[tomcat-embed-core-9.0.65.jar:9.0.65]
	at org.apache.coyote.http11.Http11Processor.service(Http11Processor.java:399) ~[tomcat-embed-core-9.0.65.jar:9.0.65]
	at org.apache.coyote.AbstractProcessorLight.process(AbstractProcessorLight.java:65) ~[tomcat-embed-core-9.0.65.jar:9.0.65]
	at org.apache.coyote.AbstractProtocol$ConnectionHandler.process(AbstractProtocol.java:890) ~[tomcat-embed-core-9.0.65.jar:9.0.65]
	at org.apache.tomcat.util.net.NioEndpoint$SocketProcessor.doRun(NioEndpoint.java:1789) ~[tomcat-embed-core-9.0.65.jar:9.0.65]
	at org.apache.tomcat.util.net.SocketProcessorBase.run(SocketProcessorBase.java:49) ~[tomcat-embed-core-9.0.65.jar:9.0.65]
	at org.apache.tomcat.util.threads.ThreadPoolExecutor.runWorker(ThreadPoolExecutor.java:1191) ~[tomcat-embed-core-9.0.65.jar:9.0.65]
	at org.apache.tomcat.util.threads.ThreadPoolExecutor$Worker.run(ThreadPoolExecutor.java:659) ~[tomcat-embed-core-9.0.65.jar:9.0.65]
	at org.apache.tomcat.util.threads.TaskThread$WrappingRunnable.run(TaskThread.java:61) ~[tomcat-embed-core-9.0.65.jar:9.0.65]
	at java.base/java.lang.Thread.run(Thread.java:833) ~[na:na]

2022-10-06 09:56:38.410  INFO 11788 --- [SpringApplicationShutdownHook] j.LocalContainerEntityManagerFactoryBean : Closing JPA EntityManagerFactory for persistence unit 'default'
2022-10-06 09:56:38.416  INFO 11788 --- [SpringApplicationShutdownHook] com.zaxxer.hikari.HikariDataSource       : HikariPool-1 - Shutdown initiated...
2022-10-06 09:56:38.451  INFO 11788 --- [SpringApplicationShutdownHook] com.zaxxer.hikari.HikariDataSource       : HikariPool-1 - Shutdown completed.
2022-10-06 09:56:55.189  INFO 21416 --- [main] c.r.r.recipeDemo.RecipeDemoApplication   : Starting RecipeDemoApplication using Java 17.0.4 on PUNITP377691L with PID 21416 (C:\Users\pranali.thorat01\Downloads\recipeDemo\recipeDemo\target\classes started by pranali.thorat01 in C:\Users\pranali.thorat01\Downloads\recipeDemo\recipeDemo)
2022-10-06 09:56:55.197  INFO 21416 --- [main] c.r.r.recipeDemo.RecipeDemoApplication   : No active profile set, falling back to 1 default profile: "default"
2022-10-06 09:56:57.657  INFO 21416 --- [main] .s.d.r.c.RepositoryConfigurationDelegate : Bootstrapping Spring Data JPA repositories in DEFAULT mode.
2022-10-06 09:56:57.906  INFO 21416 --- [main] .s.d.r.c.RepositoryConfigurationDelegate : Finished Spring Data repository scanning in 206 ms. Found 1 JPA repository interfaces.
2022-10-06 09:57:00.052  INFO 21416 --- [main] o.s.b.w.embedded.tomcat.TomcatWebServer  : Tomcat initialized with port(s): 8700 (http)
2022-10-06 09:57:00.105  INFO 21416 --- [main] o.apache.catalina.core.StandardService   : Starting service [Tomcat]
2022-10-06 09:57:00.107  INFO 21416 --- [main] org.apache.catalina.core.StandardEngine  : Starting Servlet engine: [Apache Tomcat/9.0.65]
2022-10-06 09:57:00.601  INFO 21416 --- [main] o.a.c.c.C.[Tomcat].[localhost].[/]       : Initializing Spring embedded WebApplicationContext
2022-10-06 09:57:00.603  INFO 21416 --- [main] w.s.c.ServletWebServerApplicationContext : Root WebApplicationContext: initialization completed in 5278 ms
2022-10-06 09:57:01.000  INFO 21416 --- [main] o.hibernate.jpa.internal.util.LogHelper  : HHH000204: Processing PersistenceUnitInfo [name: default]
2022-10-06 09:57:01.179  INFO 21416 --- [main] org.hibernate.Version                    : HHH000412: Hibernate ORM core version 5.6.10.Final
2022-10-06 09:57:01.640  INFO 21416 --- [main] o.hibernate.annotations.common.Version   : HCANN000001: Hibernate Commons Annotations {5.1.2.Final}
2022-10-06 09:57:01.986  INFO 21416 --- [main] com.zaxxer.hikari.HikariDataSource       : HikariPool-1 - Starting...
2022-10-06 09:57:02.937  INFO 21416 --- [main] com.zaxxer.hikari.HikariDataSource       : HikariPool-1 - Start completed.
2022-10-06 09:57:03.010  INFO 21416 --- [main] org.hibernate.dialect.Dialect            : HHH000400: Using dialect: org.hibernate.dialect.MySQL5Dialect
2022-10-06 09:57:04.841  INFO 21416 --- [main] o.h.e.t.j.p.i.JtaPlatformInitiator       : HHH000490: Using JtaPlatform implementation: [org.hibernate.engine.transaction.jta.platform.internal.NoJtaPlatform]
2022-10-06 09:57:04.859  INFO 21416 --- [main] j.LocalContainerEntityManagerFactoryBean : Initialized JPA EntityManagerFactory for persistence unit 'default'
2022-10-06 09:57:06.248  WARN 21416 --- [main] JpaBaseConfiguration$JpaWebConfiguration : spring.jpa.open-in-view is enabled by default. Therefore, database queries may be performed during view rendering. Explicitly configure spring.jpa.open-in-view to disable this warning
2022-10-06 09:57:08.552  INFO 21416 --- [main] o.s.b.w.embedded.tomcat.TomcatWebServer  : Tomcat started on port(s): 8700 (http) with context path ''
2022-10-06 09:57:08.575  INFO 21416 --- [main] c.r.r.recipeDemo.RecipeDemoApplication   : Started RecipeDemoApplication in 14.578 seconds (JVM running for 16.626)
2022-10-06 09:57:13.318  INFO 21416 --- [http-nio-8700-exec-2] o.a.c.c.C.[Tomcat].[localhost].[/]       : Initializing Spring DispatcherServlet 'dispatcherServlet'
2022-10-06 09:57:13.320  INFO 21416 --- [http-nio-8700-exec-2] o.s.web.servlet.DispatcherServlet        : Initializing Servlet 'dispatcherServlet'
2022-10-06 09:57:13.327  INFO 21416 --- [http-nio-8700-exec-2] o.s.web.servlet.DispatcherServlet        : Completed initialization in 4 ms
2022-10-06 09:57:13.877 ERROR 21416 --- [http-nio-8700-exec-2] o.a.c.c.C.[.[.[/].[dispatcherServlet]    : Servlet.service() for servlet [dispatcherServlet] in context with path [] threw exception [Request processing failed; nested exception is java.lang.ClassCastException: class java.util.stream.ReferencePipeline$2 cannot be cast to class com.recipe.recipeAssignment.recipeDemo.entity.RecipeDemo (java.util.stream.ReferencePipeline$2 is in module java.base of loader 'bootstrap'; com.recipe.recipeAssignment.recipeDemo.entity.RecipeDemo is in unnamed module of loader 'app')] with root cause

java.lang.ClassCastException: class java.util.stream.ReferencePipeline$2 cannot be cast to class com.recipe.recipeAssignment.recipeDemo.entity.RecipeDemo (java.util.stream.ReferencePipeline$2 is in module java.base of loader 'bootstrap'; com.recipe.recipeAssignment.recipeDemo.entity.RecipeDemo is in unnamed module of loader 'app')
	at com.recipe.recipeAssignment.recipeDemo.service.RecipeServiceImpl.findRecipe(RecipeServiceImpl.java:154) ~[classes/:na]
	at com.recipe.recipeAssignment.recipeDemo.controller.RecipeController.findRecipe(RecipeController.java:189) ~[classes/:na]
	at java.base/jdk.internal.reflect.NativeMethodAccessorImpl.invoke0(Native Method) ~[na:na]
	at java.base/jdk.internal.reflect.NativeMethodAccessorImpl.invoke(NativeMethodAccessorImpl.java:77) ~[na:na]
	at java.base/jdk.internal.reflect.DelegatingMethodAccessorImpl.invoke(DelegatingMethodAccessorImpl.java:43) ~[na:na]
	at java.base/java.lang.reflect.Method.invoke(Method.java:568) ~[na:na]
	at org.springframework.web.method.support.InvocableHandlerMethod.doInvoke(InvocableHandlerMethod.java:205) ~[spring-web-5.3.22.jar:5.3.22]
	at org.springframework.web.method.support.InvocableHandlerMethod.invokeForRequest(InvocableHandlerMethod.java:150) ~[spring-web-5.3.22.jar:5.3.22]
	at org.springframework.web.servlet.mvc.method.annotation.ServletInvocableHandlerMethod.invokeAndHandle(ServletInvocableHandlerMethod.java:117) ~[spring-webmvc-5.3.22.jar:5.3.22]
	at org.springframework.web.servlet.mvc.method.annotation.RequestMappingHandlerAdapter.invokeHandlerMethod(RequestMappingHandlerAdapter.java:895) ~[spring-webmvc-5.3.22.jar:5.3.22]
	at org.springframework.web.servlet.mvc.method.annotation.RequestMappingHandlerAdapter.handleInternal(RequestMappingHandlerAdapter.java:808) ~[spring-webmvc-5.3.22.jar:5.3.22]
	at org.springframework.web.servlet.mvc.method.AbstractHandlerMethodAdapter.handle(AbstractHandlerMethodAdapter.java:87) ~[spring-webmvc-5.3.22.jar:5.3.22]
	at org.springframework.web.servlet.DispatcherServlet.doDispatch(DispatcherServlet.java:1070) ~[spring-webmvc-5.3.22.jar:5.3.22]
	at org.springframework.web.servlet.DispatcherServlet.doService(DispatcherServlet.java:963) ~[spring-webmvc-5.3.22.jar:5.3.22]
	at org.springframework.web.servlet.FrameworkServlet.processRequest(FrameworkServlet.java:1006) ~[spring-webmvc-5.3.22.jar:5.3.22]
	at org.springframework.web.servlet.FrameworkServlet.doGet(FrameworkServlet.java:898) ~[spring-webmvc-5.3.22.jar:5.3.22]
	at javax.servlet.http.HttpServlet.service(HttpServlet.java:655) ~[tomcat-embed-core-9.0.65.jar:4.0.FR]
	at org.springframework.web.servlet.FrameworkServlet.service(FrameworkServlet.java:883) ~[spring-webmvc-5.3.22.jar:5.3.22]
	at javax.servlet.http.HttpServlet.service(HttpServlet.java:764) ~[tomcat-embed-core-9.0.65.jar:4.0.FR]
	at org.apache.catalina.core.ApplicationFilterChain.internalDoFilter(ApplicationFilterChain.java:227) ~[tomcat-embed-core-9.0.65.jar:9.0.65]
	at org.apache.catalina.core.ApplicationFilterChain.doFilter(ApplicationFilterChain.java:162) ~[tomcat-embed-core-9.0.65.jar:9.0.65]
	at org.apache.tomcat.websocket.server.WsFilter.doFilter(WsFilter.java:53) ~[tomcat-embed-websocket-9.0.65.jar:9.0.65]
	at org.apache.catalina.core.ApplicationFilterChain.internalDoFilter(ApplicationFilterChain.java:189) ~[tomcat-embed-core-9.0.65.jar:9.0.65]
	at org.apache.catalina.core.ApplicationFilterChain.doFilter(ApplicationFilterChain.java:162) ~[tomcat-embed-core-9.0.65.jar:9.0.65]
	at org.springframework.web.filter.RequestContextFilter.doFilterInternal(RequestContextFilter.java:100) ~[spring-web-5.3.22.jar:5.3.22]
	at org.springframework.web.filter.OncePerRequestFilter.doFilter(OncePerRequestFilter.java:117) ~[spring-web-5.3.22.jar:5.3.22]
	at org.apache.catalina.core.ApplicationFilterChain.internalDoFilter(ApplicationFilterChain.java:189) ~[tomcat-embed-core-9.0.65.jar:9.0.65]
	at org.apache.catalina.core.ApplicationFilterChain.doFilter(ApplicationFilterChain.java:162) ~[tomcat-embed-core-9.0.65.jar:9.0.65]
	at org.springframework.web.filter.FormContentFilter.doFilterInternal(FormContentFilter.java:93) ~[spring-web-5.3.22.jar:5.3.22]
	at org.springframework.web.filter.OncePerRequestFilter.doFilter(OncePerRequestFilter.java:117) ~[spring-web-5.3.22.jar:5.3.22]
	at org.apache.catalina.core.ApplicationFilterChain.internalDoFilter(ApplicationFilterChain.java:189) ~[tomcat-embed-core-9.0.65.jar:9.0.65]
	at org.apache.catalina.core.ApplicationFilterChain.doFilter(ApplicationFilterChain.java:162) ~[tomcat-embed-core-9.0.65.jar:9.0.65]
	at org.springframework.web.filter.CharacterEncodingFilter.doFilterInternal(CharacterEncodingFilter.java:201) ~[spring-web-5.3.22.jar:5.3.22]
	at org.springframework.web.filter.OncePerRequestFilter.doFilter(OncePerRequestFilter.java:117) ~[spring-web-5.3.22.jar:5.3.22]
	at org.apache.catalina.core.ApplicationFilterChain.internalDoFilter(ApplicationFilterChain.java:189) ~[tomcat-embed-core-9.0.65.jar:9.0.65]
	at org.apache.catalina.core.ApplicationFilterChain.doFilter(ApplicationFilterChain.java:162) ~[tomcat-embed-core-9.0.65.jar:9.0.65]
	at org.apache.catalina.core.StandardWrapperValve.invoke(StandardWrapperValve.java:197) ~[tomcat-embed-core-9.0.65.jar:9.0.65]
	at org.apache.catalina.core.StandardContextValve.invoke(StandardContextValve.java:97) ~[tomcat-embed-core-9.0.65.jar:9.0.65]
	at org.apache.catalina.authenticator.AuthenticatorBase.invoke(AuthenticatorBase.java:541) ~[tomcat-embed-core-9.0.65.jar:9.0.65]
	at org.apache.catalina.core.StandardHostValve.invoke(StandardHostValve.java:135) ~[tomcat-embed-core-9.0.65.jar:9.0.65]
	at org.apache.catalina.valves.ErrorReportValve.invoke(ErrorReportValve.java:92) ~[tomcat-embed-core-9.0.65.jar:9.0.65]
	at org.apache.catalina.core.StandardEngineValve.invoke(StandardEngineValve.java:78) ~[tomcat-embed-core-9.0.65.jar:9.0.65]
	at org.apache.catalina.connector.CoyoteAdapter.service(CoyoteAdapter.java:360) ~[tomcat-embed-core-9.0.65.jar:9.0.65]
	at org.apache.coyote.http11.Http11Processor.service(Http11Processor.java:399) ~[tomcat-embed-core-9.0.65.jar:9.0.65]
	at org.apache.coyote.AbstractProcessorLight.process(AbstractProcessorLight.java:65) ~[tomcat-embed-core-9.0.65.jar:9.0.65]
	at org.apache.coyote.AbstractProtocol$ConnectionHandler.process(AbstractProtocol.java:890) ~[tomcat-embed-core-9.0.65.jar:9.0.65]
	at org.apache.tomcat.util.net.NioEndpoint$SocketProcessor.doRun(NioEndpoint.java:1789) ~[tomcat-embed-core-9.0.65.jar:9.0.65]
	at org.apache.tomcat.util.net.SocketProcessorBase.run(SocketProcessorBase.java:49) ~[tomcat-embed-core-9.0.65.jar:9.0.65]
	at org.apache.tomcat.util.threads.ThreadPoolExecutor.runWorker(ThreadPoolExecutor.java:1191) ~[tomcat-embed-core-9.0.65.jar:9.0.65]
	at org.apache.tomcat.util.threads.ThreadPoolExecutor$Worker.run(ThreadPoolExecutor.java:659) ~[tomcat-embed-core-9.0.65.jar:9.0.65]
	at org.apache.tomcat.util.threads.TaskThread$WrappingRunnable.run(TaskThread.java:61) ~[tomcat-embed-core-9.0.65.jar:9.0.65]
	at java.base/java.lang.Thread.run(Thread.java:833) ~[na:na]

2022-10-06 10:12:14.773  INFO 21416 --- [SpringApplicationShutdownHook] j.LocalContainerEntityManagerFactoryBean : Closing JPA EntityManagerFactory for persistence unit 'default'
2022-10-06 10:12:14.773  INFO 21416 --- [SpringApplicationShutdownHook] com.zaxxer.hikari.HikariDataSource       : HikariPool-1 - Shutdown initiated...
2022-10-06 10:12:14.818  INFO 21416 --- [SpringApplicationShutdownHook] com.zaxxer.hikari.HikariDataSource       : HikariPool-1 - Shutdown completed.
2022-10-06 10:14:44.759  INFO 12460 --- [main] c.r.r.recipeDemo.RecipeDemoApplication   : Starting RecipeDemoApplication using Java 17.0.4 on PUNITP377691L with PID 12460 (C:\Users\pranali.thorat01\Downloads\recipeDemo\recipeDemo\target\classes started by pranali.thorat01 in C:\Users\pranali.thorat01\Downloads\recipeDemo\recipeDemo)
2022-10-06 10:14:44.759  INFO 12460 --- [main] c.r.r.recipeDemo.RecipeDemoApplication   : No active profile set, falling back to 1 default profile: "default"
2022-10-06 10:14:47.054  INFO 12460 --- [main] .s.d.r.c.RepositoryConfigurationDelegate : Bootstrapping Spring Data JPA repositories in DEFAULT mode.
2022-10-06 10:14:47.283  INFO 12460 --- [main] .s.d.r.c.RepositoryConfigurationDelegate : Finished Spring Data repository scanning in 205 ms. Found 1 JPA repository interfaces.
2022-10-06 10:14:49.422  INFO 12460 --- [main] o.s.b.w.embedded.tomcat.TomcatWebServer  : Tomcat initialized with port(s): 8700 (http)
2022-10-06 10:14:49.470  INFO 12460 --- [main] o.apache.catalina.core.StandardService   : Starting service [Tomcat]
2022-10-06 10:14:49.470  INFO 12460 --- [main] org.apache.catalina.core.StandardEngine  : Starting Servlet engine: [Apache Tomcat/9.0.65]
2022-10-06 10:14:49.882  INFO 12460 --- [main] o.a.c.c.C.[Tomcat].[localhost].[/]       : Initializing Spring embedded WebApplicationContext
2022-10-06 10:14:49.882  INFO 12460 --- [main] w.s.c.ServletWebServerApplicationContext : Root WebApplicationContext: initialization completed in 4941 ms
2022-10-06 10:14:50.248  INFO 12460 --- [main] o.hibernate.jpa.internal.util.LogHelper  : HHH000204: Processing PersistenceUnitInfo [name: default]
2022-10-06 10:14:50.398  INFO 12460 --- [main] org.hibernate.Version                    : HHH000412: Hibernate ORM core version 5.6.10.Final
2022-10-06 10:14:51.004  INFO 12460 --- [main] o.hibernate.annotations.common.Version   : HCANN000001: Hibernate Commons Annotations {5.1.2.Final}
2022-10-06 10:14:51.386  INFO 12460 --- [main] com.zaxxer.hikari.HikariDataSource       : HikariPool-1 - Starting...
2022-10-06 10:14:52.101  INFO 12460 --- [main] com.zaxxer.hikari.HikariDataSource       : HikariPool-1 - Start completed.
2022-10-06 10:14:52.163  INFO 12460 --- [main] org.hibernate.dialect.Dialect            : HHH000400: Using dialect: org.hibernate.dialect.MySQL5Dialect
2022-10-06 10:14:54.016  INFO 12460 --- [main] o.h.e.t.j.p.i.JtaPlatformInitiator       : HHH000490: Using JtaPlatform implementation: [org.hibernate.engine.transaction.jta.platform.internal.NoJtaPlatform]
2022-10-06 10:14:54.031  INFO 12460 --- [main] j.LocalContainerEntityManagerFactoryBean : Initialized JPA EntityManagerFactory for persistence unit 'default'
2022-10-06 10:14:55.398  WARN 12460 --- [main] JpaBaseConfiguration$JpaWebConfiguration : spring.jpa.open-in-view is enabled by default. Therefore, database queries may be performed during view rendering. Explicitly configure spring.jpa.open-in-view to disable this warning
2022-10-06 10:14:57.455  INFO 12460 --- [main] o.s.b.w.embedded.tomcat.TomcatWebServer  : Tomcat started on port(s): 8700 (http) with context path ''
2022-10-06 10:14:57.481  INFO 12460 --- [main] c.r.r.recipeDemo.RecipeDemoApplication   : Started RecipeDemoApplication in 14.194 seconds (JVM running for 15.744)
2022-10-06 10:16:04.092  INFO 12460 --- [http-nio-8700-exec-1] o.a.c.c.C.[Tomcat].[localhost].[/]       : Initializing Spring DispatcherServlet 'dispatcherServlet'
2022-10-06 10:16:04.096  INFO 12460 --- [http-nio-8700-exec-1] o.s.web.servlet.DispatcherServlet        : Initializing Servlet 'dispatcherServlet'
2022-10-06 10:16:04.100  INFO 12460 --- [http-nio-8700-exec-1] o.s.web.servlet.DispatcherServlet        : Completed initialization in 4 ms
2022-10-06 10:16:04.741  INFO 12460 --- [http-nio-8700-exec-1] c.r.r.r.controller.RecipeController      : []
2022-10-06 10:20:30.849  INFO 12460 --- [SpringApplicationShutdownHook] j.LocalContainerEntityManagerFactoryBean : Closing JPA EntityManagerFactory for persistence unit 'default'
2022-10-06 10:20:30.857  INFO 12460 --- [SpringApplicationShutdownHook] com.zaxxer.hikari.HikariDataSource       : HikariPool-1 - Shutdown initiated...
2022-10-06 10:20:30.898  INFO 12460 --- [SpringApplicationShutdownHook] com.zaxxer.hikari.HikariDataSource       : HikariPool-1 - Shutdown completed.
2022-10-06 10:20:47.529  INFO 10836 --- [main] c.r.r.recipeDemo.RecipeDemoApplication   : Starting RecipeDemoApplication using Java 17.0.4 on PUNITP377691L with PID 10836 (C:\Users\pranali.thorat01\Downloads\recipeDemo\recipeDemo\target\classes started by pranali.thorat01 in C:\Users\pranali.thorat01\Downloads\recipeDemo\recipeDemo)
2022-10-06 10:20:47.529  INFO 10836 --- [main] c.r.r.recipeDemo.RecipeDemoApplication   : No active profile set, falling back to 1 default profile: "default"
2022-10-06 10:20:50.009  INFO 10836 --- [main] .s.d.r.c.RepositoryConfigurationDelegate : Bootstrapping Spring Data JPA repositories in DEFAULT mode.
2022-10-06 10:20:50.328  INFO 10836 --- [main] .s.d.r.c.RepositoryConfigurationDelegate : Finished Spring Data repository scanning in 261 ms. Found 1 JPA repository interfaces.
2022-10-06 10:20:52.337  INFO 10836 --- [main] o.s.b.w.embedded.tomcat.TomcatWebServer  : Tomcat initialized with port(s): 8700 (http)
2022-10-06 10:20:52.378  INFO 10836 --- [main] o.apache.catalina.core.StandardService   : Starting service [Tomcat]
2022-10-06 10:20:52.378  INFO 10836 --- [main] org.apache.catalina.core.StandardEngine  : Starting Servlet engine: [Apache Tomcat/9.0.65]
2022-10-06 10:20:52.910  INFO 10836 --- [main] o.a.c.c.C.[Tomcat].[localhost].[/]       : Initializing Spring embedded WebApplicationContext
2022-10-06 10:20:52.911  INFO 10836 --- [main] w.s.c.ServletWebServerApplicationContext : Root WebApplicationContext: initialization completed in 5229 ms
2022-10-06 10:20:53.419  INFO 10836 --- [main] o.hibernate.jpa.internal.util.LogHelper  : HHH000204: Processing PersistenceUnitInfo [name: default]
2022-10-06 10:20:53.593  INFO 10836 --- [main] org.hibernate.Version                    : HHH000412: Hibernate ORM core version 5.6.10.Final
2022-10-06 10:20:54.054  INFO 10836 --- [main] o.hibernate.annotations.common.Version   : HCANN000001: Hibernate Commons Annotations {5.1.2.Final}
2022-10-06 10:20:54.451  INFO 10836 --- [main] com.zaxxer.hikari.HikariDataSource       : HikariPool-1 - Starting...
2022-10-06 10:20:55.302  INFO 10836 --- [main] com.zaxxer.hikari.HikariDataSource       : HikariPool-1 - Start completed.
2022-10-06 10:20:55.359  INFO 10836 --- [main] org.hibernate.dialect.Dialect            : HHH000400: Using dialect: org.hibernate.dialect.MySQL5Dialect
2022-10-06 10:20:57.289  INFO 10836 --- [main] o.h.e.t.j.p.i.JtaPlatformInitiator       : HHH000490: Using JtaPlatform implementation: [org.hibernate.engine.transaction.jta.platform.internal.NoJtaPlatform]
2022-10-06 10:20:57.337  INFO 10836 --- [main] j.LocalContainerEntityManagerFactoryBean : Initialized JPA EntityManagerFactory for persistence unit 'default'
2022-10-06 10:20:59.050  WARN 10836 --- [main] JpaBaseConfiguration$JpaWebConfiguration : spring.jpa.open-in-view is enabled by default. Therefore, database queries may be performed during view rendering. Explicitly configure spring.jpa.open-in-view to disable this warning
2022-10-06 10:21:01.710  INFO 10836 --- [main] o.s.b.w.embedded.tomcat.TomcatWebServer  : Tomcat started on port(s): 8700 (http) with context path ''
2022-10-06 10:21:01.726  INFO 10836 --- [main] c.r.r.recipeDemo.RecipeDemoApplication   : Started RecipeDemoApplication in 15.617 seconds (JVM running for 17.299)
2022-10-06 10:21:01.858  INFO 10836 --- [http-nio-8700-exec-1] o.a.c.c.C.[Tomcat].[localhost].[/]       : Initializing Spring DispatcherServlet 'dispatcherServlet'
2022-10-06 10:21:01.858  INFO 10836 --- [http-nio-8700-exec-1] o.s.web.servlet.DispatcherServlet        : Initializing Servlet 'dispatcherServlet'
2022-10-06 10:21:01.858  INFO 10836 --- [http-nio-8700-exec-1] o.s.web.servlet.DispatcherServlet        : Completed initialization in 0 ms
2022-10-06 10:21:02.246  INFO 10836 --- [http-nio-8700-exec-1] c.r.r.r.controller.RecipeController      : []
2022-10-06 10:21:48.953  INFO 10836 --- [SpringApplicationShutdownHook] j.LocalContainerEntityManagerFactoryBean : Closing JPA EntityManagerFactory for persistence unit 'default'
2022-10-06 10:21:48.953  INFO 10836 --- [SpringApplicationShutdownHook] com.zaxxer.hikari.HikariDataSource       : HikariPool-1 - Shutdown initiated...
2022-10-06 10:21:49.000  INFO 10836 --- [SpringApplicationShutdownHook] com.zaxxer.hikari.HikariDataSource       : HikariPool-1 - Shutdown completed.
2022-10-06 10:22:03.835  INFO 10440 --- [main] c.r.r.recipeDemo.RecipeDemoApplication   : Starting RecipeDemoApplication using Java 17.0.4 on PUNITP377691L with PID 10440 (C:\Users\pranali.thorat01\Downloads\recipeDemo\recipeDemo\target\classes started by pranali.thorat01 in C:\Users\pranali.thorat01\Downloads\recipeDemo\recipeDemo)
2022-10-06 10:22:03.851  INFO 10440 --- [main] c.r.r.recipeDemo.RecipeDemoApplication   : No active profile set, falling back to 1 default profile: "default"
2022-10-06 10:22:05.982  INFO 10440 --- [main] .s.d.r.c.RepositoryConfigurationDelegate : Bootstrapping Spring Data JPA repositories in DEFAULT mode.
2022-10-06 10:22:06.179  INFO 10440 --- [main] .s.d.r.c.RepositoryConfigurationDelegate : Finished Spring Data repository scanning in 165 ms. Found 1 JPA repository interfaces.
2022-10-06 10:22:08.368  INFO 10440 --- [main] o.s.b.w.embedded.tomcat.TomcatWebServer  : Tomcat initialized with port(s): 8700 (http)
2022-10-06 10:22:08.399  INFO 10440 --- [main] o.apache.catalina.core.StandardService   : Starting service [Tomcat]
2022-10-06 10:22:08.399  INFO 10440 --- [main] org.apache.catalina.core.StandardEngine  : Starting Servlet engine: [Apache Tomcat/9.0.65]
2022-10-06 10:22:08.852  INFO 10440 --- [main] o.a.c.c.C.[Tomcat].[localhost].[/]       : Initializing Spring embedded WebApplicationContext
2022-10-06 10:22:08.860  INFO 10440 --- [main] w.s.c.ServletWebServerApplicationContext : Root WebApplicationContext: initialization completed in 4809 ms
2022-10-06 10:22:09.479  INFO 10440 --- [main] o.hibernate.jpa.internal.util.LogHelper  : HHH000204: Processing PersistenceUnitInfo [name: default]
2022-10-06 10:22:09.631  INFO 10440 --- [main] org.hibernate.Version                    : HHH000412: Hibernate ORM core version 5.6.10.Final
2022-10-06 10:22:10.131  INFO 10440 --- [main] o.hibernate.annotations.common.Version   : HCANN000001: Hibernate Commons Annotations {5.1.2.Final}
2022-10-06 10:22:10.417  INFO 10440 --- [main] com.zaxxer.hikari.HikariDataSource       : HikariPool-1 - Starting...
2022-10-06 10:22:11.317  INFO 10440 --- [main] com.zaxxer.hikari.HikariDataSource       : HikariPool-1 - Start completed.
2022-10-06 10:22:11.379  INFO 10440 --- [main] org.hibernate.dialect.Dialect            : HHH000400: Using dialect: org.hibernate.dialect.MySQL5Dialect
2022-10-06 10:22:13.263  INFO 10440 --- [main] o.h.e.t.j.p.i.JtaPlatformInitiator       : HHH000490: Using JtaPlatform implementation: [org.hibernate.engine.transaction.jta.platform.internal.NoJtaPlatform]
2022-10-06 10:22:13.278  INFO 10440 --- [main] j.LocalContainerEntityManagerFactoryBean : Initialized JPA EntityManagerFactory for persistence unit 'default'
2022-10-06 10:22:14.755  WARN 10440 --- [main] JpaBaseConfiguration$JpaWebConfiguration : spring.jpa.open-in-view is enabled by default. Therefore, database queries may be performed during view rendering. Explicitly configure spring.jpa.open-in-view to disable this warning
2022-10-06 10:22:17.141  INFO 10440 --- [main] o.s.b.w.embedded.tomcat.TomcatWebServer  : Tomcat started on port(s): 8700 (http) with context path ''
2022-10-06 10:22:17.172  INFO 10440 --- [main] c.r.r.recipeDemo.RecipeDemoApplication   : Started RecipeDemoApplication in 14.918 seconds (JVM running for 16.391)
2022-10-06 10:23:44.545  INFO 10440 --- [http-nio-8700-exec-2] o.a.c.c.C.[Tomcat].[localhost].[/]       : Initializing Spring DispatcherServlet 'dispatcherServlet'
2022-10-06 10:23:44.549  INFO 10440 --- [http-nio-8700-exec-2] o.s.web.servlet.DispatcherServlet        : Initializing Servlet 'dispatcherServlet'
2022-10-06 10:23:44.553  INFO 10440 --- [http-nio-8700-exec-2] o.s.web.servlet.DispatcherServlet        : Completed initialization in 4 ms
2022-10-06 10:23:45.336  INFO 10440 --- [http-nio-8700-exec-2] c.r.r.r.controller.RecipeController      : []
2022-10-06 10:24:10.044  INFO 10440 --- [SpringApplicationShutdownHook] j.LocalContainerEntityManagerFactoryBean : Closing JPA EntityManagerFactory for persistence unit 'default'
2022-10-06 10:24:10.044  INFO 10440 --- [SpringApplicationShutdownHook] com.zaxxer.hikari.HikariDataSource       : HikariPool-1 - Shutdown initiated...
2022-10-06 10:24:10.099  INFO 10440 --- [SpringApplicationShutdownHook] com.zaxxer.hikari.HikariDataSource       : HikariPool-1 - Shutdown completed.
2022-10-06 10:24:25.517  INFO 9900 --- [main] c.r.r.recipeDemo.RecipeDemoApplication   : Starting RecipeDemoApplication using Java 17.0.4 on PUNITP377691L with PID 9900 (C:\Users\pranali.thorat01\Downloads\recipeDemo\recipeDemo\target\classes started by pranali.thorat01 in C:\Users\pranali.thorat01\Downloads\recipeDemo\recipeDemo)
2022-10-06 10:24:25.525  INFO 9900 --- [main] c.r.r.recipeDemo.RecipeDemoApplication   : No active profile set, falling back to 1 default profile: "default"
2022-10-06 10:24:27.632  INFO 9900 --- [main] .s.d.r.c.RepositoryConfigurationDelegate : Bootstrapping Spring Data JPA repositories in DEFAULT mode.
2022-10-06 10:24:27.815  INFO 9900 --- [main] .s.d.r.c.RepositoryConfigurationDelegate : Finished Spring Data repository scanning in 144 ms. Found 1 JPA repository interfaces.
2022-10-06 10:24:29.928  INFO 9900 --- [main] o.s.b.w.embedded.tomcat.TomcatWebServer  : Tomcat initialized with port(s): 8700 (http)
2022-10-06 10:24:29.975  INFO 9900 --- [main] o.apache.catalina.core.StandardService   : Starting service [Tomcat]
2022-10-06 10:24:29.975  INFO 9900 --- [main] org.apache.catalina.core.StandardEngine  : Starting Servlet engine: [Apache Tomcat/9.0.65]
2022-10-06 10:24:30.445  INFO 9900 --- [main] o.a.c.c.C.[Tomcat].[localhost].[/]       : Initializing Spring embedded WebApplicationContext
2022-10-06 10:24:30.445  INFO 9900 --- [main] w.s.c.ServletWebServerApplicationContext : Root WebApplicationContext: initialization completed in 4720 ms
2022-10-06 10:24:31.040  INFO 9900 --- [main] o.hibernate.jpa.internal.util.LogHelper  : HHH000204: Processing PersistenceUnitInfo [name: default]
2022-10-06 10:24:31.207  INFO 9900 --- [main] org.hibernate.Version                    : HHH000412: Hibernate ORM core version 5.6.10.Final
2022-10-06 10:24:31.692  INFO 9900 --- [main] o.hibernate.annotations.common.Version   : HCANN000001: Hibernate Commons Annotations {5.1.2.Final}
2022-10-06 10:24:32.017  INFO 9900 --- [main] com.zaxxer.hikari.HikariDataSource       : HikariPool-1 - Starting...
2022-10-06 10:24:33.042  INFO 9900 --- [main] com.zaxxer.hikari.HikariDataSource       : HikariPool-1 - Start completed.
2022-10-06 10:24:33.091  INFO 9900 --- [main] org.hibernate.dialect.Dialect            : HHH000400: Using dialect: org.hibernate.dialect.MySQL5Dialect
2022-10-06 10:24:34.839  INFO 9900 --- [main] o.h.e.t.j.p.i.JtaPlatformInitiator       : HHH000490: Using JtaPlatform implementation: [org.hibernate.engine.transaction.jta.platform.internal.NoJtaPlatform]
2022-10-06 10:24:34.870  INFO 9900 --- [main] j.LocalContainerEntityManagerFactoryBean : Initialized JPA EntityManagerFactory for persistence unit 'default'
2022-10-06 10:24:36.149  WARN 9900 --- [main] JpaBaseConfiguration$JpaWebConfiguration : spring.jpa.open-in-view is enabled by default. Therefore, database queries may be performed during view rendering. Explicitly configure spring.jpa.open-in-view to disable this warning
2022-10-06 10:24:38.478  INFO 9900 --- [main] o.s.b.w.embedded.tomcat.TomcatWebServer  : Tomcat started on port(s): 8700 (http) with context path ''
2022-10-06 10:24:38.503  INFO 9900 --- [main] c.r.r.recipeDemo.RecipeDemoApplication   : Started RecipeDemoApplication in 14.505 seconds (JVM running for 15.95)
2022-10-06 10:24:50.981  INFO 9900 --- [http-nio-8700-exec-1] o.a.c.c.C.[Tomcat].[localhost].[/]       : Initializing Spring DispatcherServlet 'dispatcherServlet'
2022-10-06 10:24:50.981  INFO 9900 --- [http-nio-8700-exec-1] o.s.web.servlet.DispatcherServlet        : Initializing Servlet 'dispatcherServlet'
2022-10-06 10:24:50.985  INFO 9900 --- [http-nio-8700-exec-1] o.s.web.servlet.DispatcherServlet        : Completed initialization in 4 ms
2022-10-06 10:24:51.483  INFO 9900 --- [http-nio-8700-exec-1] c.r.r.r.controller.RecipeController      : []
2022-10-06 10:42:40.155  INFO 9900 --- [http-nio-8700-exec-5] c.r.r.r.controller.RecipeController      : []
2022-10-06 11:35:02.835  WARN 9900 --- [HikariPool-1 housekeeper] com.zaxxer.hikari.pool.HikariPool        : HikariPool-1 - Thread starvation or clock leap detected (housekeeper delta=8m35s359ms940µs700ns).
2022-10-06 13:06:05.503  INFO 9900 --- [SpringApplicationShutdownHook] j.LocalContainerEntityManagerFactoryBean : Closing JPA EntityManagerFactory for persistence unit 'default'
2022-10-06 13:06:05.545  INFO 9900 --- [SpringApplicationShutdownHook] com.zaxxer.hikari.HikariDataSource       : HikariPool-1 - Shutdown initiated...
2022-10-06 13:06:05.568  INFO 9900 --- [SpringApplicationShutdownHook] com.zaxxer.hikari.HikariDataSource       : HikariPool-1 - Shutdown completed.
2022-10-06 13:06:18.695  INFO 18828 --- [main] c.r.r.recipeDemo.RecipeDemoApplication   : Starting RecipeDemoApplication using Java 17.0.4 on PUNITP377691L with PID 18828 (C:\Users\pranali.thorat01\Downloads\recipeDemo\recipeDemo\target\classes started by pranali.thorat01 in C:\Users\pranali.thorat01\Downloads\recipeDemo\recipeDemo)
2022-10-06 13:06:18.702  INFO 18828 --- [main] c.r.r.recipeDemo.RecipeDemoApplication   : No active profile set, falling back to 1 default profile: "default"
2022-10-06 13:06:20.375  INFO 18828 --- [main] .s.d.r.c.RepositoryConfigurationDelegate : Bootstrapping Spring Data JPA repositories in DEFAULT mode.
2022-10-06 13:06:20.525  INFO 18828 --- [main] .s.d.r.c.RepositoryConfigurationDelegate : Finished Spring Data repository scanning in 125 ms. Found 1 JPA repository interfaces.
2022-10-06 13:06:22.000  INFO 18828 --- [main] o.s.b.w.embedded.tomcat.TomcatWebServer  : Tomcat initialized with port(s): 8700 (http)
2022-10-06 13:06:22.028  INFO 18828 --- [main] o.apache.catalina.core.StandardService   : Starting service [Tomcat]
2022-10-06 13:06:22.030  INFO 18828 --- [main] org.apache.catalina.core.StandardEngine  : Starting Servlet engine: [Apache Tomcat/9.0.65]
2022-10-06 13:06:22.355  INFO 18828 --- [main] o.a.c.c.C.[Tomcat].[localhost].[/]       : Initializing Spring embedded WebApplicationContext
2022-10-06 13:06:22.355  INFO 18828 --- [main] w.s.c.ServletWebServerApplicationContext : Root WebApplicationContext: initialization completed in 3551 ms
2022-10-06 13:06:22.688  INFO 18828 --- [main] o.hibernate.jpa.internal.util.LogHelper  : HHH000204: Processing PersistenceUnitInfo [name: default]
2022-10-06 13:06:22.847  INFO 18828 --- [main] org.hibernate.Version                    : HHH000412: Hibernate ORM core version 5.6.10.Final
2022-10-06 13:06:23.285  INFO 18828 --- [main] o.hibernate.annotations.common.Version   : HCANN000001: Hibernate Commons Annotations {5.1.2.Final}
2022-10-06 13:06:23.559  INFO 18828 --- [main] com.zaxxer.hikari.HikariDataSource       : HikariPool-1 - Starting...
2022-10-06 13:06:24.258  INFO 18828 --- [main] com.zaxxer.hikari.HikariDataSource       : HikariPool-1 - Start completed.
2022-10-06 13:06:24.298  INFO 18828 --- [main] org.hibernate.dialect.Dialect            : HHH000400: Using dialect: org.hibernate.dialect.MySQL5Dialect
2022-10-06 13:06:25.649  INFO 18828 --- [main] o.h.e.t.j.p.i.JtaPlatformInitiator       : HHH000490: Using JtaPlatform implementation: [org.hibernate.engine.transaction.jta.platform.internal.NoJtaPlatform]
2022-10-06 13:06:25.661  INFO 18828 --- [main] j.LocalContainerEntityManagerFactoryBean : Initialized JPA EntityManagerFactory for persistence unit 'default'
2022-10-06 13:06:26.683  WARN 18828 --- [main] JpaBaseConfiguration$JpaWebConfiguration : spring.jpa.open-in-view is enabled by default. Therefore, database queries may be performed during view rendering. Explicitly configure spring.jpa.open-in-view to disable this warning
2022-10-06 13:06:28.486  INFO 18828 --- [main] o.s.b.w.embedded.tomcat.TomcatWebServer  : Tomcat started on port(s): 8700 (http) with context path ''
2022-10-06 13:06:28.503  INFO 18828 --- [main] c.r.r.recipeDemo.RecipeDemoApplication   : Started RecipeDemoApplication in 10.797 seconds (JVM running for 12.146)
2022-10-06 13:06:49.489  INFO 18828 --- [http-nio-8700-exec-1] o.a.c.c.C.[Tomcat].[localhost].[/]       : Initializing Spring DispatcherServlet 'dispatcherServlet'
2022-10-06 13:06:49.490  INFO 18828 --- [http-nio-8700-exec-1] o.s.web.servlet.DispatcherServlet        : Initializing Servlet 'dispatcherServlet'
2022-10-06 13:06:49.491  INFO 18828 --- [http-nio-8700-exec-1] o.s.web.servlet.DispatcherServlet        : Completed initialization in 1 ms
2022-10-06 13:06:49.831  INFO 18828 --- [http-nio-8700-exec-1] c.r.r.r.controller.RecipeController      : []
2022-10-06 13:08:59.330  INFO 18828 --- [http-nio-8700-exec-6] c.r.r.r.controller.RecipeController      : [RecipeDemo(recipeId=3, recipeName=Fruit-Cake, category=Veg, serveCapacity=10, ingredients=Maida 2 cups,Baking powder 1tsp,Baking soda 1tsp,Vanilla essence 1tsp,Olive oil 1cup,Powder sugar 1cup,Whipped cream 1bowl,Banana 2,Apple 2,Kiwi 1,Cherries 15 pcs,Mixed fruit jam 2 tsp,Oranges 2, instructions=Take a bowl sieve maida,baking powder and baking soda.
Take a another bowl add oilve oil,sugar and vanilla essence mixed and whisk for a whisker.
Take a maida bowl add sugar batter mixed add milk for as needed.
Take a round shape cake tin greased and dusting for a some maida then pour batter tap for tin.
Then cake bake in pre heated oven at 180 degree at 45 minutes.
After 45 minutes then cake bake cool and cut in three parts apply whipped cream.
Take a cream add 2 tsp mixed fruits jam and apply cream for a cake .
Then arrange Chop banana,chop apple,chop kiwi and cherries and oranges.)]
2022-10-06 13:09:37.828  INFO 18828 --- [http-nio-8700-exec-5] c.r.r.r.controller.RecipeController      : [RecipeDemo(recipeId=2, recipeName=Veg Pulav, category=Veg, serveCapacity=2, ingredients=Maida 2 cups,ghee 5 tbsp,Saboot garam masala( choti elaichi,kali mirch,badi elaichi) 1 tsp,Lehsun paste 1,Lal mirch pwdr 1/2 tsp,salt to taste 1 pinch,Chppd mix veggies 1 bowls,Onion chppd 1 nos,Chpod Tomato 1 nos, instructions=sbse phle ek ptile me rice boil kr k rkh le,ek kadahi me ghee grm kre aur sare grm masale ka tadka de,fir kta hua pyaaz, tmater daljer saute kre,fir gajer,shimla )]
2022-10-06 13:10:00.424  INFO 18828 --- [SpringApplicationShutdownHook] j.LocalContainerEntityManagerFactoryBean : Closing JPA EntityManagerFactory for persistence unit 'default'
2022-10-06 13:10:00.429  INFO 18828 --- [SpringApplicationShutdownHook] com.zaxxer.hikari.HikariDataSource       : HikariPool-1 - Shutdown initiated...
2022-10-06 13:10:00.454  INFO 18828 --- [SpringApplicationShutdownHook] com.zaxxer.hikari.HikariDataSource       : HikariPool-1 - Shutdown completed.
2022-10-06 13:10:11.622  INFO 46236 --- [main] c.r.r.recipeDemo.RecipeDemoApplication   : Starting RecipeDemoApplication using Java 17.0.4 on PUNITP377691L with PID 46236 (C:\Users\pranali.thorat01\Downloads\recipeDemo\recipeDemo\target\classes started by pranali.thorat01 in C:\Users\pranali.thorat01\Downloads\recipeDemo\recipeDemo)
2022-10-06 13:10:11.628  INFO 46236 --- [main] c.r.r.recipeDemo.RecipeDemoApplication   : No active profile set, falling back to 1 default profile: "default"
2022-10-06 13:10:13.217  INFO 46236 --- [main] .s.d.r.c.RepositoryConfigurationDelegate : Bootstrapping Spring Data JPA repositories in DEFAULT mode.
2022-10-06 13:10:13.328  INFO 46236 --- [main] .s.d.r.c.RepositoryConfigurationDelegate : Finished Spring Data repository scanning in 92 ms. Found 1 JPA repository interfaces.
2022-10-06 13:10:14.687  INFO 46236 --- [main] o.s.b.w.embedded.tomcat.TomcatWebServer  : Tomcat initialized with port(s): 8700 (http)
2022-10-06 13:10:14.708  INFO 46236 --- [main] o.apache.catalina.core.StandardService   : Starting service [Tomcat]
2022-10-06 13:10:14.710  INFO 46236 --- [main] org.apache.catalina.core.StandardEngine  : Starting Servlet engine: [Apache Tomcat/9.0.65]
2022-10-06 13:10:14.976  INFO 46236 --- [main] o.a.c.c.C.[Tomcat].[localhost].[/]       : Initializing Spring embedded WebApplicationContext
2022-10-06 13:10:14.977  INFO 46236 --- [main] w.s.c.ServletWebServerApplicationContext : Root WebApplicationContext: initialization completed in 3257 ms
2022-10-06 13:10:15.277  INFO 46236 --- [main] o.hibernate.jpa.internal.util.LogHelper  : HHH000204: Processing PersistenceUnitInfo [name: default]
2022-10-06 13:10:15.427  INFO 46236 --- [main] org.hibernate.Version                    : HHH000412: Hibernate ORM core version 5.6.10.Final
2022-10-06 13:10:15.897  INFO 46236 --- [main] o.hibernate.annotations.common.Version   : HCANN000001: Hibernate Commons Annotations {5.1.2.Final}
2022-10-06 13:10:16.162  INFO 46236 --- [main] com.zaxxer.hikari.HikariDataSource       : HikariPool-1 - Starting...
2022-10-06 13:10:16.752  INFO 46236 --- [main] com.zaxxer.hikari.HikariDataSource       : HikariPool-1 - Start completed.
2022-10-06 13:10:16.785  INFO 46236 --- [main] org.hibernate.dialect.Dialect            : HHH000400: Using dialect: org.hibernate.dialect.MySQL5Dialect
2022-10-06 13:10:18.206  INFO 46236 --- [main] o.h.e.t.j.p.i.JtaPlatformInitiator       : HHH000490: Using JtaPlatform implementation: [org.hibernate.engine.transaction.jta.platform.internal.NoJtaPlatform]
2022-10-06 13:10:18.223  INFO 46236 --- [main] j.LocalContainerEntityManagerFactoryBean : Initialized JPA EntityManagerFactory for persistence unit 'default'
2022-10-06 13:10:19.233  WARN 46236 --- [main] JpaBaseConfiguration$JpaWebConfiguration : spring.jpa.open-in-view is enabled by default. Therefore, database queries may be performed during view rendering. Explicitly configure spring.jpa.open-in-view to disable this warning
2022-10-06 13:10:21.156  INFO 46236 --- [main] o.s.b.w.embedded.tomcat.TomcatWebServer  : Tomcat started on port(s): 8700 (http) with context path ''
2022-10-06 13:10:21.177  INFO 46236 --- [main] c.r.r.recipeDemo.RecipeDemoApplication   : Started RecipeDemoApplication in 10.42 seconds (JVM running for 11.29)
2022-10-06 13:11:16.369  INFO 46236 --- [http-nio-8700-exec-2] o.a.c.c.C.[Tomcat].[localhost].[/]       : Initializing Spring DispatcherServlet 'dispatcherServlet'
2022-10-06 13:11:16.370  INFO 46236 --- [http-nio-8700-exec-2] o.s.web.servlet.DispatcherServlet        : Initializing Servlet 'dispatcherServlet'
2022-10-06 13:11:16.373  INFO 46236 --- [http-nio-8700-exec-2] o.s.web.servlet.DispatcherServlet        : Completed initialization in 3 ms
2022-10-06 13:11:16.744  INFO 46236 --- [http-nio-8700-exec-2] c.r.r.r.controller.RecipeController      : [RecipeDemo(recipeId=1, recipeName=Egg Sandwich, category=Non-Veg, serveCapacity=1, ingredients=Egg 2 nos,mushroom 5 nos,Salt 1 pinch,capsicum 4 nos,Tomato chopped 2 tbsp,onion 2 tbsp,Green Chili 2 nos,Coriander leaves chopped 1 tbsp,Garlic chopped 1 tsp,Butter 1 tbsp,Bread Slices 3 nos, instructions= Chop Onion, tomato, capsicum, mushroom (3-4), garlic and green chili. Keep the capsicum slices ready. In a bowl, add the Eggs, Add all the chopped vegetables and salt, i.e, the Egg capsicum and bread, one over the other. Enjoy!)]
2022-10-06 13:15:43.722  INFO 46236 --- [SpringApplicationShutdownHook] j.LocalContainerEntityManagerFactoryBean : Closing JPA EntityManagerFactory for persistence unit 'default'
2022-10-06 13:15:43.726  INFO 46236 --- [SpringApplicationShutdownHook] com.zaxxer.hikari.HikariDataSource       : HikariPool-1 - Shutdown initiated...
2022-10-06 13:15:43.748  INFO 46236 --- [SpringApplicationShutdownHook] com.zaxxer.hikari.HikariDataSource       : HikariPool-1 - Shutdown completed.
2022-10-06 13:15:55.736  INFO 41596 --- [main] c.r.r.recipeDemo.RecipeDemoApplication   : Starting RecipeDemoApplication using Java 17.0.4 on PUNITP377691L with PID 41596 (C:\Users\pranali.thorat01\Downloads\recipeDemo\recipeDemo\target\classes started by pranali.thorat01 in C:\Users\pranali.thorat01\Downloads\recipeDemo\recipeDemo)
2022-10-06 13:15:55.742  INFO 41596 --- [main] c.r.r.recipeDemo.RecipeDemoApplication   : No active profile set, falling back to 1 default profile: "default"
2022-10-06 13:15:57.235  INFO 41596 --- [main] .s.d.r.c.RepositoryConfigurationDelegate : Bootstrapping Spring Data JPA repositories in DEFAULT mode.
2022-10-06 13:15:57.364  INFO 41596 --- [main] .s.d.r.c.RepositoryConfigurationDelegate : Finished Spring Data repository scanning in 108 ms. Found 1 JPA repository interfaces.
2022-10-06 13:15:58.652  INFO 41596 --- [main] o.s.b.w.embedded.tomcat.TomcatWebServer  : Tomcat initialized with port(s): 8700 (http)
2022-10-06 13:15:58.678  INFO 41596 --- [main] o.apache.catalina.core.StandardService   : Starting service [Tomcat]
2022-10-06 13:15:58.680  INFO 41596 --- [main] org.apache.catalina.core.StandardEngine  : Starting Servlet engine: [Apache Tomcat/9.0.65]
2022-10-06 13:15:58.942  INFO 41596 --- [main] o.a.c.c.C.[Tomcat].[localhost].[/]       : Initializing Spring embedded WebApplicationContext
2022-10-06 13:15:58.943  INFO 41596 --- [main] w.s.c.ServletWebServerApplicationContext : Root WebApplicationContext: initialization completed in 3107 ms
2022-10-06 13:15:59.271  INFO 41596 --- [main] o.hibernate.jpa.internal.util.LogHelper  : HHH000204: Processing PersistenceUnitInfo [name: default]
2022-10-06 13:15:59.405  INFO 41596 --- [main] org.hibernate.Version                    : HHH000412: Hibernate ORM core version 5.6.10.Final
2022-10-06 13:15:59.753  INFO 41596 --- [main] o.hibernate.annotations.common.Version   : HCANN000001: Hibernate Commons Annotations {5.1.2.Final}
2022-10-06 13:15:59.969  INFO 41596 --- [main] com.zaxxer.hikari.HikariDataSource       : HikariPool-1 - Starting...
2022-10-06 13:16:00.566  INFO 41596 --- [main] com.zaxxer.hikari.HikariDataSource       : HikariPool-1 - Start completed.
2022-10-06 13:16:00.598  INFO 41596 --- [main] org.hibernate.dialect.Dialect            : HHH000400: Using dialect: org.hibernate.dialect.MySQL5Dialect
2022-10-06 13:16:01.801  INFO 41596 --- [main] o.h.e.t.j.p.i.JtaPlatformInitiator       : HHH000490: Using JtaPlatform implementation: [org.hibernate.engine.transaction.jta.platform.internal.NoJtaPlatform]
2022-10-06 13:16:01.813  INFO 41596 --- [main] j.LocalContainerEntityManagerFactoryBean : Initialized JPA EntityManagerFactory for persistence unit 'default'
2022-10-06 13:16:02.790  WARN 41596 --- [main] JpaBaseConfiguration$JpaWebConfiguration : spring.jpa.open-in-view is enabled by default. Therefore, database queries may be performed during view rendering. Explicitly configure spring.jpa.open-in-view to disable this warning
2022-10-06 13:16:04.478  INFO 41596 --- [main] o.s.b.w.embedded.tomcat.TomcatWebServer  : Tomcat started on port(s): 8700 (http) with context path ''
2022-10-06 13:16:04.497  INFO 41596 --- [main] c.r.r.recipeDemo.RecipeDemoApplication   : Started RecipeDemoApplication in 9.596 seconds (JVM running for 10.454)
2022-10-06 13:17:28.312  INFO 41596 --- [http-nio-8700-exec-2] o.a.c.c.C.[Tomcat].[localhost].[/]       : Initializing Spring DispatcherServlet 'dispatcherServlet'
2022-10-06 13:17:28.312  INFO 41596 --- [http-nio-8700-exec-2] o.s.web.servlet.DispatcherServlet        : Initializing Servlet 'dispatcherServlet'
2022-10-06 13:17:28.314  INFO 41596 --- [http-nio-8700-exec-2] o.s.web.servlet.DispatcherServlet        : Completed initialization in 1 ms
2022-10-06 13:17:28.625  INFO 41596 --- [http-nio-8700-exec-2] c.r.r.r.controller.RecipeController      : [RecipeDemo(recipeId=1, recipeName=Egg Sandwich, category=Non-Veg, serveCapacity=1, ingredients=Egg 2 nos,mushroom 5 nos,Salt 1 pinch,capsicum 4 nos,Tomato chopped 2 tbsp,onion 2 tbsp,Green Chili 2 nos,Coriander leaves chopped 1 tbsp,Garlic chopped 1 tsp,Butter 1 tbsp,Bread Slices 3 nos, instructions= Chop Onion, tomato, capsicum, mushroom (3-4), garlic and green chili. Keep the capsicum slices ready. In a bowl, add the Eggs, Add all the chopped vegetables and salt, i.e, the Egg capsicum and bread, one over the other. Enjoy!), RecipeDemo(recipeId=2, recipeName=Veg Pulav, category=Veg, serveCapacity=2, ingredients=Maida 2 cups,ghee 5 tbsp,Saboot garam masala( choti elaichi,kali mirch,badi elaichi) 1 tsp,Lehsun paste 1,Lal mirch pwdr 1/2 tsp,salt to taste 1 pinch,Chppd mix veggies 1 bowls,Onion chppd 1 nos,Chpod Tomato 1 nos, instructions=sbse phle ek ptile me rice boil kr k rkh le,ek kadahi me ghee grm kre aur sare grm masale ka tadka de,fir kta hua pyaaz, tmater daljer saute kre,fir gajer,shimla ), RecipeDemo(recipeId=3, recipeName=Fruit-Cake, category=Veg, serveCapacity=10, ingredients=Maida 2 cups,Baking powder 1tsp,Baking soda 1tsp,Vanilla essence 1tsp,Olive oil 1cup,Powder sugar 1cup,Whipped cream 1bowl,Banana 2,Apple 2,Kiwi 1,Cherries 15 pcs,Mixed fruit jam 2 tsp,Oranges 2, instructions=Take a bowl sieve maida,baking powder and baking soda.
Take a another bowl add oilve oil,sugar and vanilla essence mixed and whisk for a whisker.
Take a maida bowl add sugar batter mixed add milk for as needed.
Take a round shape cake tin greased and dusting for a some maida then pour batter tap for tin.
Then cake bake in pre heated oven at 180 degree at 45 minutes.
After 45 minutes then cake bake cool and cut in three parts apply whipped cream.
Take a cream add 2 tsp mixed fruits jam and apply cream for a cake .
Then arrange Chop banana,chop apple,chop kiwi and cherries and oranges.), RecipeDemo(recipeId=4, recipeName=Chicken Momos, category=Non-veg, serveCapacity=2, ingredients=All purpose flour - 2cups,Onion chopped - 1cup,Green chillies chopped - 3 tablespoon,Chicken( boiled with pepper and water ) - 500 gms,Garlic chopped - 3 tablespoon
Pepper - 1 tablespoon, Oil - 3 tablespoon,Salt - 1 tablespoon,Capsicom chopped - 1 cup, instructions=Make a dough using all purpose flour , water and little salt and rest it for 10 minutes .
Now take a fring pan add some oil and add garlic after some times add chopped onion and capsicom and mix it well
Cut the boneless chicken into small pieces and add these also .nom add pepper and mix it well for 2 minutes.
Now the mix is ready make the dough to small pieces and roll it as like chappathi but it should be small chappathies .
Then add the mixture evenly in each of the small doughs and roll it in shape as your wish .
Then steam the rolls in the steamer for 10 minutes . Now the chicken momos us ready . Serve hot.), RecipeDemo(recipeId=8, recipeName=pastaaa, category=veg, serveCapacity=1, ingredients=cheese, instructions=make it spicy)]
2022-10-06 13:17:56.143  INFO 41596 --- [http-nio-8700-exec-3] c.r.r.r.controller.RecipeController      : [RecipeDemo(recipeId=1, recipeName=Egg Sandwich, category=Non-Veg, serveCapacity=1, ingredients=Egg 2 nos,mushroom 5 nos,Salt 1 pinch,capsicum 4 nos,Tomato chopped 2 tbsp,onion 2 tbsp,Green Chili 2 nos,Coriander leaves chopped 1 tbsp,Garlic chopped 1 tsp,Butter 1 tbsp,Bread Slices 3 nos, instructions= Chop Onion, tomato, capsicum, mushroom (3-4), garlic and green chili. Keep the capsicum slices ready. In a bowl, add the Eggs, Add all the chopped vegetables and salt, i.e, the Egg capsicum and bread, one over the other. Enjoy!), RecipeDemo(recipeId=2, recipeName=Veg Pulav, category=Veg, serveCapacity=2, ingredients=Maida 2 cups,ghee 5 tbsp,Saboot garam masala( choti elaichi,kali mirch,badi elaichi) 1 tsp,Lehsun paste 1,Lal mirch pwdr 1/2 tsp,salt to taste 1 pinch,Chppd mix veggies 1 bowls,Onion chppd 1 nos,Chpod Tomato 1 nos, instructions=sbse phle ek ptile me rice boil kr k rkh le,ek kadahi me ghee grm kre aur sare grm masale ka tadka de,fir kta hua pyaaz, tmater daljer saute kre,fir gajer,shimla ), RecipeDemo(recipeId=3, recipeName=Fruit-Cake, category=Veg, serveCapacity=10, ingredients=Maida 2 cups,Baking powder 1tsp,Baking soda 1tsp,Vanilla essence 1tsp,Olive oil 1cup,Powder sugar 1cup,Whipped cream 1bowl,Banana 2,Apple 2,Kiwi 1,Cherries 15 pcs,Mixed fruit jam 2 tsp,Oranges 2, instructions=Take a bowl sieve maida,baking powder and baking soda.
Take a another bowl add oilve oil,sugar and vanilla essence mixed and whisk for a whisker.
Take a maida bowl add sugar batter mixed add milk for as needed.
Take a round shape cake tin greased and dusting for a some maida then pour batter tap for tin.
Then cake bake in pre heated oven at 180 degree at 45 minutes.
After 45 minutes then cake bake cool and cut in three parts apply whipped cream.
Take a cream add 2 tsp mixed fruits jam and apply cream for a cake .
Then arrange Chop banana,chop apple,chop kiwi and cherries and oranges.), RecipeDemo(recipeId=4, recipeName=Chicken Momos, category=Non-veg, serveCapacity=2, ingredients=All purpose flour - 2cups,Onion chopped - 1cup,Green chillies chopped - 3 tablespoon,Chicken( boiled with pepper and water ) - 500 gms,Garlic chopped - 3 tablespoon
Pepper - 1 tablespoon, Oil - 3 tablespoon,Salt - 1 tablespoon,Capsicom chopped - 1 cup, instructions=Make a dough using all purpose flour , water and little salt and rest it for 10 minutes .
Now take a fring pan add some oil and add garlic after some times add chopped onion and capsicom and mix it well
Cut the boneless chicken into small pieces and add these also .nom add pepper and mix it well for 2 minutes.
Now the mix is ready make the dough to small pieces and roll it as like chappathi but it should be small chappathies .
Then add the mixture evenly in each of the small doughs and roll it in shape as your wish .
Then steam the rolls in the steamer for 10 minutes . Now the chicken momos us ready . Serve hot.), RecipeDemo(recipeId=8, recipeName=pastaaa, category=veg, serveCapacity=1, ingredients=cheese, instructions=make it spicy)]
2022-10-06 13:18:46.199  INFO 41596 --- [SpringApplicationShutdownHook] j.LocalContainerEntityManagerFactoryBean : Closing JPA EntityManagerFactory for persistence unit 'default'
2022-10-06 13:18:46.202  INFO 41596 --- [SpringApplicationShutdownHook] com.zaxxer.hikari.HikariDataSource       : HikariPool-1 - Shutdown initiated...
2022-10-06 13:18:46.230  INFO 41596 --- [SpringApplicationShutdownHook] com.zaxxer.hikari.HikariDataSource       : HikariPool-1 - Shutdown completed.
2022-10-06 13:18:55.965  INFO 19684 --- [main] c.r.r.recipeDemo.RecipeDemoApplication   : Starting RecipeDemoApplication using Java 17.0.4 on PUNITP377691L with PID 19684 (C:\Users\pranali.thorat01\Downloads\recipeDemo\recipeDemo\target\classes started by pranali.thorat01 in C:\Users\pranali.thorat01\Downloads\recipeDemo\recipeDemo)
2022-10-06 13:18:55.970  INFO 19684 --- [main] c.r.r.recipeDemo.RecipeDemoApplication   : No active profile set, falling back to 1 default profile: "default"
2022-10-06 13:18:57.651  INFO 19684 --- [main] .s.d.r.c.RepositoryConfigurationDelegate : Bootstrapping Spring Data JPA repositories in DEFAULT mode.
2022-10-06 13:18:57.773  INFO 19684 --- [main] .s.d.r.c.RepositoryConfigurationDelegate : Finished Spring Data repository scanning in 102 ms. Found 1 JPA repository interfaces.
2022-10-06 13:18:59.458  INFO 19684 --- [main] o.s.b.w.embedded.tomcat.TomcatWebServer  : Tomcat initialized with port(s): 8700 (http)
2022-10-06 13:18:59.474  INFO 19684 --- [main] o.apache.catalina.core.StandardService   : Starting service [Tomcat]
2022-10-06 13:18:59.475  INFO 19684 --- [main] org.apache.catalina.core.StandardEngine  : Starting Servlet engine: [Apache Tomcat/9.0.65]
2022-10-06 13:18:59.690  INFO 19684 --- [main] o.a.c.c.C.[Tomcat].[localhost].[/]       : Initializing Spring embedded WebApplicationContext
2022-10-06 13:18:59.691  INFO 19684 --- [main] w.s.c.ServletWebServerApplicationContext : Root WebApplicationContext: initialization completed in 3634 ms
2022-10-06 13:19:00.001  INFO 19684 --- [main] o.hibernate.jpa.internal.util.LogHelper  : HHH000204: Processing PersistenceUnitInfo [name: default]
2022-10-06 13:19:00.137  INFO 19684 --- [main] org.hibernate.Version                    : HHH000412: Hibernate ORM core version 5.6.10.Final
2022-10-06 13:19:00.508  INFO 19684 --- [main] o.hibernate.annotations.common.Version   : HCANN000001: Hibernate Commons Annotations {5.1.2.Final}
2022-10-06 13:19:00.773  INFO 19684 --- [main] com.zaxxer.hikari.HikariDataSource       : HikariPool-1 - Starting...
2022-10-06 13:19:01.424  INFO 19684 --- [main] com.zaxxer.hikari.HikariDataSource       : HikariPool-1 - Start completed.
2022-10-06 13:19:01.456  INFO 19684 --- [main] org.hibernate.dialect.Dialect            : HHH000400: Using dialect: org.hibernate.dialect.MySQL5Dialect
2022-10-06 13:19:02.734  INFO 19684 --- [main] o.h.e.t.j.p.i.JtaPlatformInitiator       : HHH000490: Using JtaPlatform implementation: [org.hibernate.engine.transaction.jta.platform.internal.NoJtaPlatform]
2022-10-06 13:19:02.753  INFO 19684 --- [main] j.LocalContainerEntityManagerFactoryBean : Initialized JPA EntityManagerFactory for persistence unit 'default'
2022-10-06 13:19:03.725  WARN 19684 --- [main] JpaBaseConfiguration$JpaWebConfiguration : spring.jpa.open-in-view is enabled by default. Therefore, database queries may be performed during view rendering. Explicitly configure spring.jpa.open-in-view to disable this warning
2022-10-06 13:19:05.998  INFO 19684 --- [main] o.s.b.w.embedded.tomcat.TomcatWebServer  : Tomcat started on port(s): 8700 (http) with context path ''
2022-10-06 13:19:06.016  INFO 19684 --- [main] c.r.r.recipeDemo.RecipeDemoApplication   : Started RecipeDemoApplication in 10.981 seconds (JVM running for 11.84)
2022-10-06 13:19:25.704  INFO 19684 --- [http-nio-8700-exec-1] o.a.c.c.C.[Tomcat].[localhost].[/]       : Initializing Spring DispatcherServlet 'dispatcherServlet'
2022-10-06 13:19:25.705  INFO 19684 --- [http-nio-8700-exec-1] o.s.web.servlet.DispatcherServlet        : Initializing Servlet 'dispatcherServlet'
2022-10-06 13:19:25.707  INFO 19684 --- [http-nio-8700-exec-1] o.s.web.servlet.DispatcherServlet        : Completed initialization in 1 ms
2022-10-06 13:19:25.998  INFO 19684 --- [http-nio-8700-exec-1] c.r.r.r.controller.RecipeController      : [RecipeDemo(recipeId=1, recipeName=Egg Sandwich, category=Non-Veg, serveCapacity=1, ingredients=Egg 2 nos,mushroom 5 nos,Salt 1 pinch,capsicum 4 nos,Tomato chopped 2 tbsp,onion 2 tbsp,Green Chili 2 nos,Coriander leaves chopped 1 tbsp,Garlic chopped 1 tsp,Butter 1 tbsp,Bread Slices 3 nos, instructions= Chop Onion, tomato, capsicum, mushroom (3-4), garlic and green chili. Keep the capsicum slices ready. In a bowl, add the Eggs, Add all the chopped vegetables and salt, i.e, the Egg capsicum and bread, one over the other. Enjoy!), RecipeDemo(recipeId=2, recipeName=Veg Pulav, category=Veg, serveCapacity=2, ingredients=Maida 2 cups,ghee 5 tbsp,Saboot garam masala( choti elaichi,kali mirch,badi elaichi) 1 tsp,Lehsun paste 1,Lal mirch pwdr 1/2 tsp,salt to taste 1 pinch,Chppd mix veggies 1 bowls,Onion chppd 1 nos,Chpod Tomato 1 nos, instructions=sbse phle ek ptile me rice boil kr k rkh le,ek kadahi me ghee grm kre aur sare grm masale ka tadka de,fir kta hua pyaaz, tmater daljer saute kre,fir gajer,shimla ), RecipeDemo(recipeId=3, recipeName=Fruit-Cake, category=Veg, serveCapacity=10, ingredients=Maida 2 cups,Baking powder 1tsp,Baking soda 1tsp,Vanilla essence 1tsp,Olive oil 1cup,Powder sugar 1cup,Whipped cream 1bowl,Banana 2,Apple 2,Kiwi 1,Cherries 15 pcs,Mixed fruit jam 2 tsp,Oranges 2, instructions=Take a bowl sieve maida,baking powder and baking soda.
Take a another bowl add oilve oil,sugar and vanilla essence mixed and whisk for a whisker.
Take a maida bowl add sugar batter mixed add milk for as needed.
Take a round shape cake tin greased and dusting for a some maida then pour batter tap for tin.
Then cake bake in pre heated oven at 180 degree at 45 minutes.
After 45 minutes then cake bake cool and cut in three parts apply whipped cream.
Take a cream add 2 tsp mixed fruits jam and apply cream for a cake .
Then arrange Chop banana,chop apple,chop kiwi and cherries and oranges.), RecipeDemo(recipeId=4, recipeName=Chicken Momos, category=Non-veg, serveCapacity=2, ingredients=All purpose flour - 2cups,Onion chopped - 1cup,Green chillies chopped - 3 tablespoon,Chicken( boiled with pepper and water ) - 500 gms,Garlic chopped - 3 tablespoon
Pepper - 1 tablespoon, Oil - 3 tablespoon,Salt - 1 tablespoon,Capsicom chopped - 1 cup, instructions=Make a dough using all purpose flour , water and little salt and rest it for 10 minutes .
Now take a fring pan add some oil and add garlic after some times add chopped onion and capsicom and mix it well
Cut the boneless chicken into small pieces and add these also .nom add pepper and mix it well for 2 minutes.
Now the mix is ready make the dough to small pieces and roll it as like chappathi but it should be small chappathies .
Then add the mixture evenly in each of the small doughs and roll it in shape as your wish .
Then steam the rolls in the steamer for 10 minutes . Now the chicken momos us ready . Serve hot.), RecipeDemo(recipeId=8, recipeName=pastaaa, category=veg, serveCapacity=1, ingredients=cheese, instructions=make it spicy)]
2022-10-06 13:20:45.722  INFO 19684 --- [http-nio-8700-exec-5] c.r.r.r.controller.RecipeController      : [RecipeDemo(recipeId=1, recipeName=Egg Sandwich, category=Non-Veg, serveCapacity=1, ingredients=Egg 2 nos,mushroom 5 nos,Salt 1 pinch,capsicum 4 nos,Tomato chopped 2 tbsp,onion 2 tbsp,Green Chili 2 nos,Coriander leaves chopped 1 tbsp,Garlic chopped 1 tsp,Butter 1 tbsp,Bread Slices 3 nos, instructions= Chop Onion, tomato, capsicum, mushroom (3-4), garlic and green chili. Keep the capsicum slices ready. In a bowl, add the Eggs, Add all the chopped vegetables and salt, i.e, the Egg capsicum and bread, one over the other. Enjoy!), RecipeDemo(recipeId=2, recipeName=Veg Pulav, category=Veg, serveCapacity=2, ingredients=Maida 2 cups,ghee 5 tbsp,Saboot garam masala( choti elaichi,kali mirch,badi elaichi) 1 tsp,Lehsun paste 1,Lal mirch pwdr 1/2 tsp,salt to taste 1 pinch,Chppd mix veggies 1 bowls,Onion chppd 1 nos,Chpod Tomato 1 nos, instructions=sbse phle ek ptile me rice boil kr k rkh le,ek kadahi me ghee grm kre aur sare grm masale ka tadka de,fir kta hua pyaaz, tmater daljer saute kre,fir gajer,shimla ), RecipeDemo(recipeId=3, recipeName=Fruit-Cake, category=Veg, serveCapacity=10, ingredients=Maida 2 cups,Baking powder 1tsp,Baking soda 1tsp,Vanilla essence 1tsp,Olive oil 1cup,Powder sugar 1cup,Whipped cream 1bowl,Banana 2,Apple 2,Kiwi 1,Cherries 15 pcs,Mixed fruit jam 2 tsp,Oranges 2, instructions=Take a bowl sieve maida,baking powder and baking soda.
Take a another bowl add oilve oil,sugar and vanilla essence mixed and whisk for a whisker.
Take a maida bowl add sugar batter mixed add milk for as needed.
Take a round shape cake tin greased and dusting for a some maida then pour batter tap for tin.
Then cake bake in pre heated oven at 180 degree at 45 minutes.
After 45 minutes then cake bake cool and cut in three parts apply whipped cream.
Take a cream add 2 tsp mixed fruits jam and apply cream for a cake .
Then arrange Chop banana,chop apple,chop kiwi and cherries and oranges.), RecipeDemo(recipeId=4, recipeName=Chicken Momos, category=Non-veg, serveCapacity=2, ingredients=All purpose flour - 2cups,Onion chopped - 1cup,Green chillies chopped - 3 tablespoon,Chicken( boiled with pepper and water ) - 500 gms,Garlic chopped - 3 tablespoon
Pepper - 1 tablespoon, Oil - 3 tablespoon,Salt - 1 tablespoon,Capsicom chopped - 1 cup, instructions=Make a dough using all purpose flour , water and little salt and rest it for 10 minutes .
Now take a fring pan add some oil and add garlic after some times add chopped onion and capsicom and mix it well
Cut the boneless chicken into small pieces and add these also .nom add pepper and mix it well for 2 minutes.
Now the mix is ready make the dough to small pieces and roll it as like chappathi but it should be small chappathies .
Then add the mixture evenly in each of the small doughs and roll it in shape as your wish .
Then steam the rolls in the steamer for 10 minutes . Now the chicken momos us ready . Serve hot.), RecipeDemo(recipeId=8, recipeName=pastaaa, category=veg, serveCapacity=1, ingredients=cheese, instructions=make it spicy)]
2022-10-06 13:23:31.650  INFO 19684 --- [SpringApplicationShutdownHook] j.LocalContainerEntityManagerFactoryBean : Closing JPA EntityManagerFactory for persistence unit 'default'
2022-10-06 13:23:31.653  INFO 19684 --- [SpringApplicationShutdownHook] com.zaxxer.hikari.HikariDataSource       : HikariPool-1 - Shutdown initiated...
2022-10-06 13:23:31.673  INFO 19684 --- [SpringApplicationShutdownHook] com.zaxxer.hikari.HikariDataSource       : HikariPool-1 - Shutdown completed.
2022-10-06 13:23:42.750  INFO 48760 --- [main] c.r.r.recipeDemo.RecipeDemoApplication   : Starting RecipeDemoApplication using Java 17.0.4 on PUNITP377691L with PID 48760 (C:\Users\pranali.thorat01\Downloads\recipeDemo\recipeDemo\target\classes started by pranali.thorat01 in C:\Users\pranali.thorat01\Downloads\recipeDemo\recipeDemo)
2022-10-06 13:23:42.756  INFO 48760 --- [main] c.r.r.recipeDemo.RecipeDemoApplication   : No active profile set, falling back to 1 default profile: "default"
2022-10-06 13:23:44.538  INFO 48760 --- [main] .s.d.r.c.RepositoryConfigurationDelegate : Bootstrapping Spring Data JPA repositories in DEFAULT mode.
2022-10-06 13:23:44.664  INFO 48760 --- [main] .s.d.r.c.RepositoryConfigurationDelegate : Finished Spring Data repository scanning in 104 ms. Found 1 JPA repository interfaces.
2022-10-06 13:23:45.956  INFO 48760 --- [main] o.s.b.w.embedded.tomcat.TomcatWebServer  : Tomcat initialized with port(s): 8700 (http)
2022-10-06 13:23:45.975  INFO 48760 --- [main] o.apache.catalina.core.StandardService   : Starting service [Tomcat]
2022-10-06 13:23:45.976  INFO 48760 --- [main] org.apache.catalina.core.StandardEngine  : Starting Servlet engine: [Apache Tomcat/9.0.65]
2022-10-06 13:23:46.249  INFO 48760 --- [main] o.a.c.c.C.[Tomcat].[localhost].[/]       : Initializing Spring embedded WebApplicationContext
2022-10-06 13:23:46.249  INFO 48760 --- [main] w.s.c.ServletWebServerApplicationContext : Root WebApplicationContext: initialization completed in 3397 ms
2022-10-06 13:23:46.640  INFO 48760 --- [main] o.hibernate.jpa.internal.util.LogHelper  : HHH000204: Processing PersistenceUnitInfo [name: default]
2022-10-06 13:23:46.782  INFO 48760 --- [main] org.hibernate.Version                    : HHH000412: Hibernate ORM core version 5.6.10.Final
2022-10-06 13:23:47.204  INFO 48760 --- [main] o.hibernate.annotations.common.Version   : HCANN000001: Hibernate Commons Annotations {5.1.2.Final}
2022-10-06 13:23:47.471  INFO 48760 --- [main] com.zaxxer.hikari.HikariDataSource       : HikariPool-1 - Starting...
2022-10-06 13:23:48.202  INFO 48760 --- [main] com.zaxxer.hikari.HikariDataSource       : HikariPool-1 - Start completed.
2022-10-06 13:23:48.244  INFO 48760 --- [main] org.hibernate.dialect.Dialect            : HHH000400: Using dialect: org.hibernate.dialect.MySQL5Dialect
2022-10-06 13:23:49.780  INFO 48760 --- [main] o.h.e.t.j.p.i.JtaPlatformInitiator       : HHH000490: Using JtaPlatform implementation: [org.hibernate.engine.transaction.jta.platform.internal.NoJtaPlatform]
2022-10-06 13:23:49.799  INFO 48760 --- [main] j.LocalContainerEntityManagerFactoryBean : Initialized JPA EntityManagerFactory for persistence unit 'default'
2022-10-06 13:23:51.116  WARN 48760 --- [main] JpaBaseConfiguration$JpaWebConfiguration : spring.jpa.open-in-view is enabled by default. Therefore, database queries may be performed during view rendering. Explicitly configure spring.jpa.open-in-view to disable this warning
2022-10-06 13:23:53.404  INFO 48760 --- [main] o.s.b.w.embedded.tomcat.TomcatWebServer  : Tomcat started on port(s): 8700 (http) with context path ''
2022-10-06 13:23:53.429  INFO 48760 --- [main] c.r.r.recipeDemo.RecipeDemoApplication   : Started RecipeDemoApplication in 11.535 seconds (JVM running for 12.43)
2022-10-06 13:24:04.266  INFO 48760 --- [http-nio-8700-exec-1] o.a.c.c.C.[Tomcat].[localhost].[/]       : Initializing Spring DispatcherServlet 'dispatcherServlet'
2022-10-06 13:24:04.267  INFO 48760 --- [http-nio-8700-exec-1] o.s.web.servlet.DispatcherServlet        : Initializing Servlet 'dispatcherServlet'
2022-10-06 13:24:04.268  INFO 48760 --- [http-nio-8700-exec-1] o.s.web.servlet.DispatcherServlet        : Completed initialization in 1 ms
2022-10-06 13:24:04.563  INFO 48760 --- [http-nio-8700-exec-1] c.r.r.r.controller.RecipeController      : [RecipeDemo(recipeId=1, recipeName=Egg Sandwich, category=Non-Veg, serveCapacity=1, ingredients=Egg 2 nos,mushroom 5 nos,Salt 1 pinch,capsicum 4 nos,Tomato chopped 2 tbsp,onion 2 tbsp,Green Chili 2 nos,Coriander leaves chopped 1 tbsp,Garlic chopped 1 tsp,Butter 1 tbsp,Bread Slices 3 nos, instructions= Chop Onion, tomato, capsicum, mushroom (3-4), garlic and green chili. Keep the capsicum slices ready. In a bowl, add the Eggs, Add all the chopped vegetables and salt, i.e, the Egg capsicum and bread, one over the other. Enjoy!), RecipeDemo(recipeId=2, recipeName=Veg Pulav, category=Veg, serveCapacity=2, ingredients=Maida 2 cups,ghee 5 tbsp,Saboot garam masala( choti elaichi,kali mirch,badi elaichi) 1 tsp,Lehsun paste 1,Lal mirch pwdr 1/2 tsp,salt to taste 1 pinch,Chppd mix veggies 1 bowls,Onion chppd 1 nos,Chpod Tomato 1 nos, instructions=sbse phle ek ptile me rice boil kr k rkh le,ek kadahi me ghee grm kre aur sare grm masale ka tadka de,fir kta hua pyaaz, tmater daljer saute kre,fir gajer,shimla ), RecipeDemo(recipeId=3, recipeName=Fruit-Cake, category=Veg, serveCapacity=10, ingredients=Maida 2 cups,Baking powder 1tsp,Baking soda 1tsp,Vanilla essence 1tsp,Olive oil 1cup,Powder sugar 1cup,Whipped cream 1bowl,Banana 2,Apple 2,Kiwi 1,Cherries 15 pcs,Mixed fruit jam 2 tsp,Oranges 2, instructions=Take a bowl sieve maida,baking powder and baking soda.
Take a another bowl add oilve oil,sugar and vanilla essence mixed and whisk for a whisker.
Take a maida bowl add sugar batter mixed add milk for as needed.
Take a round shape cake tin greased and dusting for a some maida then pour batter tap for tin.
Then cake bake in pre heated oven at 180 degree at 45 minutes.
After 45 minutes then cake bake cool and cut in three parts apply whipped cream.
Take a cream add 2 tsp mixed fruits jam and apply cream for a cake .
Then arrange Chop banana,chop apple,chop kiwi and cherries and oranges.), RecipeDemo(recipeId=4, recipeName=Chicken Momos, category=Non-veg, serveCapacity=2, ingredients=All purpose flour - 2cups,Onion chopped - 1cup,Green chillies chopped - 3 tablespoon,Chicken( boiled with pepper and water ) - 500 gms,Garlic chopped - 3 tablespoon
Pepper - 1 tablespoon, Oil - 3 tablespoon,Salt - 1 tablespoon,Capsicom chopped - 1 cup, instructions=Make a dough using all purpose flour , water and little salt and rest it for 10 minutes .
Now take a fring pan add some oil and add garlic after some times add chopped onion and capsicom and mix it well
Cut the boneless chicken into small pieces and add these also .nom add pepper and mix it well for 2 minutes.
Now the mix is ready make the dough to small pieces and roll it as like chappathi but it should be small chappathies .
Then add the mixture evenly in each of the small doughs and roll it in shape as your wish .
Then steam the rolls in the steamer for 10 minutes . Now the chicken momos us ready . Serve hot.), RecipeDemo(recipeId=8, recipeName=pastaaa, category=veg, serveCapacity=1, ingredients=cheese, instructions=make it spicy)]
2022-10-06 13:24:35.103  INFO 48760 --- [http-nio-8700-exec-3] c.r.r.r.controller.RecipeController      : [RecipeDemo(recipeId=1, recipeName=Egg Sandwich, category=Non-Veg, serveCapacity=1, ingredients=Egg 2 nos,mushroom 5 nos,Salt 1 pinch,capsicum 4 nos,Tomato chopped 2 tbsp,onion 2 tbsp,Green Chili 2 nos,Coriander leaves chopped 1 tbsp,Garlic chopped 1 tsp,Butter 1 tbsp,Bread Slices 3 nos, instructions= Chop Onion, tomato, capsicum, mushroom (3-4), garlic and green chili. Keep the capsicum slices ready. In a bowl, add the Eggs, Add all the chopped vegetables and salt, i.e, the Egg capsicum and bread, one over the other. Enjoy!), RecipeDemo(recipeId=2, recipeName=Veg Pulav, category=Veg, serveCapacity=2, ingredients=Maida 2 cups,ghee 5 tbsp,Saboot garam masala( choti elaichi,kali mirch,badi elaichi) 1 tsp,Lehsun paste 1,Lal mirch pwdr 1/2 tsp,salt to taste 1 pinch,Chppd mix veggies 1 bowls,Onion chppd 1 nos,Chpod Tomato 1 nos, instructions=sbse phle ek ptile me rice boil kr k rkh le,ek kadahi me ghee grm kre aur sare grm masale ka tadka de,fir kta hua pyaaz, tmater daljer saute kre,fir gajer,shimla ), RecipeDemo(recipeId=3, recipeName=Fruit-Cake, category=Veg, serveCapacity=10, ingredients=Maida 2 cups,Baking powder 1tsp,Baking soda 1tsp,Vanilla essence 1tsp,Olive oil 1cup,Powder sugar 1cup,Whipped cream 1bowl,Banana 2,Apple 2,Kiwi 1,Cherries 15 pcs,Mixed fruit jam 2 tsp,Oranges 2, instructions=Take a bowl sieve maida,baking powder and baking soda.
Take a another bowl add oilve oil,sugar and vanilla essence mixed and whisk for a whisker.
Take a maida bowl add sugar batter mixed add milk for as needed.
Take a round shape cake tin greased and dusting for a some maida then pour batter tap for tin.
Then cake bake in pre heated oven at 180 degree at 45 minutes.
After 45 minutes then cake bake cool and cut in three parts apply whipped cream.
Take a cream add 2 tsp mixed fruits jam and apply cream for a cake .
Then arrange Chop banana,chop apple,chop kiwi and cherries and oranges.), RecipeDemo(recipeId=4, recipeName=Chicken Momos, category=Non-veg, serveCapacity=2, ingredients=All purpose flour - 2cups,Onion chopped - 1cup,Green chillies chopped - 3 tablespoon,Chicken( boiled with pepper and water ) - 500 gms,Garlic chopped - 3 tablespoon
Pepper - 1 tablespoon, Oil - 3 tablespoon,Salt - 1 tablespoon,Capsicom chopped - 1 cup, instructions=Make a dough using all purpose flour , water and little salt and rest it for 10 minutes .
Now take a fring pan add some oil and add garlic after some times add chopped onion and capsicom and mix it well
Cut the boneless chicken into small pieces and add these also .nom add pepper and mix it well for 2 minutes.
Now the mix is ready make the dough to small pieces and roll it as like chappathi but it should be small chappathies .
Then add the mixture evenly in each of the small doughs and roll it in shape as your wish .
Then steam the rolls in the steamer for 10 minutes . Now the chicken momos us ready . Serve hot.), RecipeDemo(recipeId=8, recipeName=pastaaa, category=veg, serveCapacity=1, ingredients=cheese, instructions=make it spicy)]
2022-10-06 13:28:23.831  INFO 48760 --- [SpringApplicationShutdownHook] j.LocalContainerEntityManagerFactoryBean : Closing JPA EntityManagerFactory for persistence unit 'default'
2022-10-06 13:28:23.834  INFO 48760 --- [SpringApplicationShutdownHook] com.zaxxer.hikari.HikariDataSource       : HikariPool-1 - Shutdown initiated...
2022-10-06 13:28:23.854  INFO 48760 --- [SpringApplicationShutdownHook] com.zaxxer.hikari.HikariDataSource       : HikariPool-1 - Shutdown completed.
2022-10-06 13:28:33.674  INFO 44700 --- [main] c.r.r.recipeDemo.RecipeDemoApplication   : Starting RecipeDemoApplication using Java 17.0.4 on PUNITP377691L with PID 44700 (C:\Users\pranali.thorat01\Downloads\recipeDemo\recipeDemo\target\classes started by pranali.thorat01 in C:\Users\pranali.thorat01\Downloads\recipeDemo\recipeDemo)
2022-10-06 13:28:33.680  INFO 44700 --- [main] c.r.r.recipeDemo.RecipeDemoApplication   : No active profile set, falling back to 1 default profile: "default"
2022-10-06 13:28:35.396  INFO 44700 --- [main] .s.d.r.c.RepositoryConfigurationDelegate : Bootstrapping Spring Data JPA repositories in DEFAULT mode.
2022-10-06 13:28:35.519  INFO 44700 --- [main] .s.d.r.c.RepositoryConfigurationDelegate : Finished Spring Data repository scanning in 103 ms. Found 1 JPA repository interfaces.
2022-10-06 13:28:36.844  INFO 44700 --- [main] o.s.b.w.embedded.tomcat.TomcatWebServer  : Tomcat initialized with port(s): 8700 (http)
2022-10-06 13:28:36.862  INFO 44700 --- [main] o.apache.catalina.core.StandardService   : Starting service [Tomcat]
2022-10-06 13:28:36.863  INFO 44700 --- [main] org.apache.catalina.core.StandardEngine  : Starting Servlet engine: [Apache Tomcat/9.0.65]
2022-10-06 13:28:37.100  INFO 44700 --- [main] o.a.c.c.C.[Tomcat].[localhost].[/]       : Initializing Spring embedded WebApplicationContext
2022-10-06 13:28:37.101  INFO 44700 --- [main] w.s.c.ServletWebServerApplicationContext : Root WebApplicationContext: initialization completed in 3308 ms
2022-10-06 13:28:37.522  INFO 44700 --- [main] o.hibernate.jpa.internal.util.LogHelper  : HHH000204: Processing PersistenceUnitInfo [name: default]
2022-10-06 13:28:37.694  INFO 44700 --- [main] org.hibernate.Version                    : HHH000412: Hibernate ORM core version 5.6.10.Final
2022-10-06 13:28:38.134  INFO 44700 --- [main] o.hibernate.annotations.common.Version   : HCANN000001: Hibernate Commons Annotations {5.1.2.Final}
2022-10-06 13:28:38.459  INFO 44700 --- [main] com.zaxxer.hikari.HikariDataSource       : HikariPool-1 - Starting...
2022-10-06 13:28:39.131  INFO 44700 --- [main] com.zaxxer.hikari.HikariDataSource       : HikariPool-1 - Start completed.
2022-10-06 13:28:39.169  INFO 44700 --- [main] org.hibernate.dialect.Dialect            : HHH000400: Using dialect: org.hibernate.dialect.MySQL5Dialect
2022-10-06 13:28:40.506  INFO 44700 --- [main] o.h.e.t.j.p.i.JtaPlatformInitiator       : HHH000490: Using JtaPlatform implementation: [org.hibernate.engine.transaction.jta.platform.internal.NoJtaPlatform]
2022-10-06 13:28:40.519  INFO 44700 --- [main] j.LocalContainerEntityManagerFactoryBean : Initialized JPA EntityManagerFactory for persistence unit 'default'
2022-10-06 13:28:41.537  WARN 44700 --- [main] JpaBaseConfiguration$JpaWebConfiguration : spring.jpa.open-in-view is enabled by default. Therefore, database queries may be performed during view rendering. Explicitly configure spring.jpa.open-in-view to disable this warning
2022-10-06 13:28:43.118  INFO 44700 --- [main] o.s.b.w.embedded.tomcat.TomcatWebServer  : Tomcat started on port(s): 8700 (http) with context path ''
2022-10-06 13:28:43.140  INFO 44700 --- [main] c.r.r.recipeDemo.RecipeDemoApplication   : Started RecipeDemoApplication in 10.402 seconds (JVM running for 11.288)
2022-10-06 13:28:46.758  INFO 44700 --- [http-nio-8700-exec-2] o.a.c.c.C.[Tomcat].[localhost].[/]       : Initializing Spring DispatcherServlet 'dispatcherServlet'
2022-10-06 13:28:46.759  INFO 44700 --- [http-nio-8700-exec-2] o.s.web.servlet.DispatcherServlet        : Initializing Servlet 'dispatcherServlet'
2022-10-06 13:28:46.761  INFO 44700 --- [http-nio-8700-exec-2] o.s.web.servlet.DispatcherServlet        : Completed initialization in 2 ms
2022-10-06 13:28:47.086  INFO 44700 --- [http-nio-8700-exec-2] c.r.r.r.controller.RecipeController      : [RecipeDemo(recipeId=3, recipeName=Fruit-Cake, category=Veg, serveCapacity=10, ingredients=Maida 2 cups,Baking powder 1tsp,Baking soda 1tsp,Vanilla essence 1tsp,Olive oil 1cup,Powder sugar 1cup,Whipped cream 1bowl,Banana 2,Apple 2,Kiwi 1,Cherries 15 pcs,Mixed fruit jam 2 tsp,Oranges 2, instructions=Take a bowl sieve maida,baking powder and baking soda.
Take a another bowl add oilve oil,sugar and vanilla essence mixed and whisk for a whisker.
Take a maida bowl add sugar batter mixed add milk for as needed.
Take a round shape cake tin greased and dusting for a some maida then pour batter tap for tin.
Then cake bake in pre heated oven at 180 degree at 45 minutes.
After 45 minutes then cake bake cool and cut in three parts apply whipped cream.
Take a cream add 2 tsp mixed fruits jam and apply cream for a cake .
Then arrange Chop banana,chop apple,chop kiwi and cherries and oranges.)]
2022-10-06 13:29:01.093  INFO 44700 --- [http-nio-8700-exec-4] c.r.r.r.controller.RecipeController      : [RecipeDemo(recipeId=3, recipeName=Fruit-Cake, category=Veg, serveCapacity=10, ingredients=Maida 2 cups,Baking powder 1tsp,Baking soda 1tsp,Vanilla essence 1tsp,Olive oil 1cup,Powder sugar 1cup,Whipped cream 1bowl,Banana 2,Apple 2,Kiwi 1,Cherries 15 pcs,Mixed fruit jam 2 tsp,Oranges 2, instructions=Take a bowl sieve maida,baking powder and baking soda.
Take a another bowl add oilve oil,sugar and vanilla essence mixed and whisk for a whisker.
Take a maida bowl add sugar batter mixed add milk for as needed.
Take a round shape cake tin greased and dusting for a some maida then pour batter tap for tin.
Then cake bake in pre heated oven at 180 degree at 45 minutes.
After 45 minutes then cake bake cool and cut in three parts apply whipped cream.
Take a cream add 2 tsp mixed fruits jam and apply cream for a cake .
Then arrange Chop banana,chop apple,chop kiwi and cherries and oranges.)]
2022-10-06 13:29:50.671  INFO 44700 --- [http-nio-8700-exec-5] c.r.r.r.controller.RecipeController      : [RecipeDemo(recipeId=1, recipeName=Egg Sandwich, category=Non-Veg, serveCapacity=1, ingredients=Egg 2 nos,mushroom 5 nos,Salt 1 pinch,capsicum 4 nos,Tomato chopped 2 tbsp,onion 2 tbsp,Green Chili 2 nos,Coriander leaves chopped 1 tbsp,Garlic chopped 1 tsp,Butter 1 tbsp,Bread Slices 3 nos, instructions= Chop Onion, tomato, capsicum, mushroom (3-4), garlic and green chili. Keep the capsicum slices ready. In a bowl, add the Eggs, Add all the chopped vegetables and salt, i.e, the Egg capsicum and bread, one over the other. Enjoy!)]
2022-10-06 13:34:34.079  INFO 44700 --- [SpringApplicationShutdownHook] j.LocalContainerEntityManagerFactoryBean : Closing JPA EntityManagerFactory for persistence unit 'default'
2022-10-06 13:34:34.083  INFO 44700 --- [SpringApplicationShutdownHook] com.zaxxer.hikari.HikariDataSource       : HikariPool-1 - Shutdown initiated...
2022-10-06 13:34:34.099  INFO 44700 --- [SpringApplicationShutdownHook] com.zaxxer.hikari.HikariDataSource       : HikariPool-1 - Shutdown completed.
